<?xml version="1.0"?><coverage lines-covered="2867" lines-valid="3603" line-rate="0.7957257840688315" branches-covered="0" branches-valid="0" branch-rate="0" complexity="0" version="1.9" timestamp="1765387160"><sources><source>/Users/anvanster/projects/codegraph-monorepo</source></sources><packages><package name="crates/codegraph-typescript/benches" line-rate="0" branch-rate="0" complexity="0"><classes></classes></package><package name="crates/codegraph/src/storage" line-rate="0.865979381443299" branch-rate="0" complexity="0"><classes><class name="memory" filename="crates/codegraph/src/storage/memory.rs" line-rate="0.9487179487179487" branch-rate="0" complexity="0"><methods/><lines><line number="22" hits="235"/><line number="24" hits="470"/><line number="31" hits="7"/><line number="32" hits="7"/><line number="36" hits="2"/><line number="37" hits="2"/><line number="43" hits="1"/><line number="44" hits="1"/><line number="49" hits="0"/><line number="50" hits="0"/><line number="55" hits="21884"/><line number="56" hits="43768"/><line number="59" hits="87536"/><line number="60" hits="21884"/><line number="63" hits="233"/><line number="64" hits="466"/><line number="67" hits="9"/><line number="68" hits="18"/><line number="69" hits="9"/><line number="72" hits="3"/><line number="73" hits="6"/><line number="76" hits="449"/><line number="77" hits="1347"/><line number="78" hits="1796"/><line number="79" hits="898"/><line number="80" hits="455"/><line number="81" hits="457"/><line number="83" hits="449"/><line number="86" hits="5"/><line number="87" hits="15"/><line number="88" hits="20023"/><line number="89" hits="10009"/><line number="90" hits="30024"/><line number="91" hits="30024"/><line number="93" hits="2"/><line number="94" hits="2"/><line number="98" hits="5"/><line number="101" hits="2"/><line number="103" hits="2"/></lines></class><class name="rocksdb_backend" filename="crates/codegraph/src/storage/rocksdb_backend.rs" line-rate="0.8103448275862069" branch-rate="0" complexity="0"><methods/><lines><line number="34" hits="33"/><line number="35" hits="66"/><line number="36" hits="66"/><line number="37" hits="66"/><line number="39" hits="198"/><line number="40" hits="0"/><line number="41" hits="0"/><line number="42" hits="0"/><line number="46" hits="33"/><line number="56" hits="0"/><line number="57" hits="0"/><line number="58" hits="0"/><line number="59" hits="0"/><line number="60" hits="0"/><line number="64" hits="0"/><line number="70" hits="0"/><line number="71" hits="0"/><line number="76" hits="20493"/><line number="77" hits="40986"/><line number="78" hits="40986"/><line number="79" hits="20493"/><line number="82" hits="32"/><line number="83" hits="64"/><line number="84" hits="32"/><line number="85" hits="32"/><line number="88" hits="5"/><line number="89" hits="10"/><line number="90" hits="5"/><line number="91" hits="5"/><line number="94" hits="3"/><line number="95" hits="6"/><line number="96" hits="3"/><line number="97" hits="9"/><line number="98" hits="3"/><line number="101" hits="45"/><line number="102" hits="90"/><line number="103" hits="135"/><line number="105" hits="676"/><line number="106" hits="638"/><line number="107" hits="638"/><line number="111" hits="638"/><line number="112" hits="7"/><line number="115" hits="1560"/><line number="118" hits="45"/><line number="121" hits="4"/><line number="122" hits="8"/><line number="124" hits="210"/><line number="125" hits="103"/><line number="126" hits="306"/><line number="127" hits="306"/><line number="129" hits="2"/><line number="130" hits="2"/><line number="135" hits="8"/><line number="136" hits="4"/><line number="137" hits="4"/><line number="140" hits="5"/><line number="141" hits="5"/><line number="143" hits="5"/></lines></class></classes></package><package name="crates/codegraph/tests/integration" line-rate="0" branch-rate="0" complexity="0"><classes></classes></package><package name="crates/codegraph/tests" line-rate="1" branch-rate="0" complexity="0"><classes></classes></package><package name="crates/codegraph-parser-api/src/entities" line-rate="0.39436619718309857" branch-rate="0" complexity="0"><classes><class name="class" filename="crates/codegraph-parser-api/src/entities/class.rs" line-rate="0.2631578947368421" branch-rate="0" complexity="0"><methods/><lines><line number="27" hits="0"/><line number="29" hits="0"/><line number="31" hits="0"/><line number="38" hits="0"/><line number="39" hits="0"/><line number="40" hits="0"/><line number="43" hits="0"/><line number="44" hits="0"/><line number="45" hits="0"/><line number="48" hits="0"/><line number="49" hits="0"/><line number="50" hits="0"/><line number="53" hits="0"/><line number="54" hits="0"/><line number="55" hits="0"/><line number="58" hits="0"/><line number="59" hits="0"/><line number="60" hits="0"/><line number="108" hits="178"/><line number="110" hits="534"/><line number="111" hits="534"/><line number="116" hits="356"/><line number="117" hits="356"/><line number="118" hits="356"/><line number="119" hits="356"/><line number="121" hits="178"/><line number="122" hits="178"/><line number="126" hits="1"/><line number="127" hits="3"/><line number="128" hits="1"/><line number="131" hits="0"/><line number="132" hits="0"/><line number="133" hits="0"/><line number="136" hits="0"/><line number="137" hits="0"/><line number="138" hits="0"/><line number="141" hits="0"/><line number="142" hits="0"/><line number="143" hits="0"/><line number="146" hits="0"/><line number="147" hits="0"/><line number="148" hits="0"/><line number="151" hits="0"/><line number="152" hits="0"/><line number="153" hits="0"/><line number="156" hits="0"/><line number="157" hits="0"/><line number="158" hits="0"/><line number="161" hits="1"/><line number="162" hits="2"/><line number="163" hits="1"/><line number="166" hits="0"/><line number="167" hits="0"/><line number="168" hits="0"/><line number="171" hits="0"/><line number="172" hits="0"/><line number="173" hits="0"/></lines></class><class name="function" filename="crates/codegraph-parser-api/src/entities/function.rs" line-rate="0.36" branch-rate="0" complexity="0"><methods/><lines><line number="20" hits="0"/><line number="22" hits="0"/><line number="29" hits="0"/><line number="30" hits="0"/><line number="31" hits="0"/><line number="34" hits="0"/><line number="35" hits="0"/><line number="36" hits="0"/><line number="39" hits="0"/><line number="40" hits="0"/><line number="41" hits="0"/><line number="92" hits="403"/><line number="93" hits="1209"/><line number="95" hits="1209"/><line number="97" hits="1209"/><line number="104" hits="806"/><line number="107" hits="403"/><line number="113" hits="3"/><line number="114" hits="9"/><line number="115" hits="3"/><line number="118" hits="3"/><line number="119" hits="9"/><line number="120" hits="3"/><line number="123" hits="7"/><line number="124" hits="7"/><line number="125" hits="7"/><line number="128" hits="1"/><line number="129" hits="1"/><line number="130" hits="1"/><line number="133" hits="0"/><line number="134" hits="0"/><line number="135" hits="0"/><line number="138" hits="0"/><line number="139" hits="0"/><line number="140" hits="0"/><line number="143" hits="0"/><line number="144" hits="0"/><line number="145" hits="0"/><line number="148" hits="0"/><line number="149" hits="0"/><line number="150" hits="0"/><line number="153" hits="0"/><line number="154" hits="0"/><line number="155" hits="0"/><line number="158" hits="0"/><line number="159" hits="0"/><line number="160" hits="0"/><line number="163" hits="0"/><line number="164" hits="0"/><line number="165" hits="0"/></lines></class><class name="module" filename="crates/codegraph-parser-api/src/entities/module.rs" line-rate="0.7857142857142857" branch-rate="0" complexity="0"><methods/><lines><line number="26" hits="122"/><line number="32" hits="366"/><line number="33" hits="366"/><line number="34" hits="366"/><line number="37" hits="122"/><line number="41" hits="117"/><line number="42" hits="117"/><line number="43" hits="117"/><line number="46" hits="1"/><line number="47" hits="2"/><line number="48" hits="1"/><line number="51" hits="0"/><line number="52" hits="0"/><line number="53" hits="0"/></lines></class><class name="trait_" filename="crates/codegraph-parser-api/src/entities/trait_.rs" line-rate="0.5714285714285714" branch-rate="0" complexity="0"><methods/><lines><line number="33" hits="9"/><line number="35" hits="27"/><line number="36" hits="27"/><line number="39" hits="18"/><line number="40" hits="18"/><line number="42" hits="9"/><line number="46" hits="1"/><line number="47" hits="3"/><line number="48" hits="1"/><line number="51" hits="0"/><line number="52" hits="0"/><line number="53" hits="0"/><line number="56" hits="0"/><line number="57" hits="0"/><line number="58" hits="0"/><line number="61" hits="1"/><line number="62" hits="2"/><line number="63" hits="1"/><line number="66" hits="0"/><line number="67" hits="0"/><line number="68" hits="0"/></lines></class></classes></package><package name="crates/codegraph-parser-api/src/relationships" line-rate="1" branch-rate="0" complexity="0"><classes><class name="calls" filename="crates/codegraph-parser-api/src/relationships/calls.rs" line-rate="1" branch-rate="0" complexity="0"><methods/><lines><line number="20" hits="89"/><line number="22" hits="267"/><line number="23" hits="178"/><line number="29" hits="1"/><line number="30" hits="1"/><line number="31" hits="1"/></lines></class><class name="implementations" filename="crates/codegraph-parser-api/src/relationships/implementations.rs" line-rate="1" branch-rate="0" complexity="0"><methods/><lines><line number="14" hits="5"/><line number="16" hits="15"/><line number="17" hits="5"/></lines></class><class name="imports" filename="crates/codegraph-parser-api/src/relationships/imports.rs" line-rate="1" branch-rate="0" complexity="0"><methods/><lines><line number="23" hits="56"/><line number="25" hits="168"/><line number="26" hits="168"/><line number="27" hits="56"/><line number="33" hits="32"/><line number="34" hits="64"/><line number="35" hits="32"/><line number="38" hits="2"/><line number="39" hits="2"/><line number="40" hits="2"/><line number="43" hits="3"/><line number="44" hits="6"/><line number="45" hits="3"/></lines></class><class name="inheritance" filename="crates/codegraph-parser-api/src/relationships/inheritance.rs" line-rate="1" branch-rate="0" complexity="0"><methods/><lines><line number="17" hits="19"/><line number="19" hits="57"/><line number="20" hits="19"/><line number="25" hits="1"/><line number="26" hits="1"/><line number="27" hits="1"/></lines></class></classes></package><package name="crates/codegraph-parser-api/src" line-rate="0.5700325732899023" branch-rate="0" complexity="0"><classes><class name="config" filename="crates/codegraph-parser-api/src/config.rs" line-rate="0.3333333333333333" branch-rate="0" complexity="0"><methods/><lines><line number="39" hits="0"/><line number="43" hits="0"/><line number="44" hits="0"/><line number="45" hits="0"/><line number="49" hits="0"/><line number="53" hits="0"/><line number="54" hits="0"/><line number="59" hits="229"/><line number="63" hits="458"/><line number="64" hits="229"/><line number="75" hits="0"/><line number="85" hits="0"/><line number="96" hits="0"/><line number="97" hits="0"/><line number="98" hits="0"/><line number="102" hits="3"/><line number="103" hits="3"/><line number="104" hits="3"/></lines></class><class name="ir" filename="crates/codegraph-parser-api/src/ir.rs" line-rate="1" branch-rate="0" complexity="0"><methods/><lines><line number="44" hits="250"/><line number="52" hits="81"/><line number="53" hits="324"/><line number="54" hits="162"/><line number="55" hits="81"/><line number="56" hits="243"/><line number="60" hits="79"/><line number="61" hits="395"/><line number="65" hits="121"/><line number="66" hits="242"/><line number="70" hits="208"/><line number="71" hits="624"/><line number="75" hits="177"/><line number="76" hits="531"/><line number="80" hits="8"/><line number="81" hits="24"/><line number="85" hits="87"/><line number="86" hits="261"/><line number="90" hits="55"/><line number="91" hits="165"/><line number="95" hits="18"/><line number="96" hits="54"/><line number="100" hits="5"/><line number="101" hits="15"/></lines></class><class name="metrics" filename="crates/codegraph-parser-api/src/metrics.rs" line-rate="0.13333333333333333" branch-rate="0" complexity="0"><methods/><lines><line number="35" hits="0"/><line number="39" hits="0"/><line number="42" hits="0"/><line number="46" hits="0"/><line number="47" hits="0"/><line number="52" hits="151"/><line number="67" hits="1"/><line number="68" hits="1"/><line number="69" hits="0"/><line number="71" hits="1"/><line number="76" hits="0"/><line number="77" hits="0"/><line number="78" hits="0"/><line number="80" hits="0"/><line number="85" hits="0"/><line number="86" hits="0"/><line number="87" hits="0"/><line number="89" hits="0"/><line number="94" hits="0"/><line number="95" hits="0"/><line number="96" hits="0"/><line number="97" hits="0"/><line number="98" hits="0"/><line number="99" hits="0"/><line number="100" hits="0"/><line number="103" hits="0"/><line number="104" hits="0"/><line number="105" hits="0"/><line number="106" hits="0"/><line number="107" hits="0"/></lines></class><class name="traits" filename="crates/codegraph-parser-api/src/traits.rs" line-rate="0.8769230769230769" branch-rate="0" complexity="0"><methods/><lines><line number="44" hits="0"/><line number="48" hits="0"/><line number="51" hits="0"/><line number="55" hits="0"/><line number="56" hits="0"/><line number="62" hits="3"/><line number="63" hits="12"/><line number="89" hits="2"/><line number="90" hits="6"/><line number="94" hits="1"/><line number="95" hits="1"/><line number="96" hits="0"/><line number="98" hits="2"/><line number="103" hits="1"/><line number="104" hits="2"/><line number="105" hits="0"/><line number="107" hits="2"/><line number="199" hits="11"/><line number="204" hits="22"/><line number="205" hits="22"/><line number="206" hits="22"/><line number="207" hits="22"/><line number="208" hits="22"/><line number="210" hits="79"/><line number="211" hits="102"/><line number="212" hits="64"/><line number="213" hits="64"/><line number="214" hits="64"/><line number="215" hits="64"/><line number="216" hits="64"/><line number="218" hits="4"/><line number="219" hits="10"/><line number="224" hits="11"/><line number="225" hits="22"/><line number="226" hits="22"/><line number="227" hits="22"/><line number="228" hits="11"/><line number="229" hits="11"/><line number="238" hits="8"/><line number="243" hits="32"/><line number="244" hits="32"/><line number="251" hits="8"/><line number="254" hits="16"/><line number="255" hits="24"/><line number="257" hits="13"/><line number="262" hits="13"/><line number="263" hits="0"/><line number="266" hits="32"/><line number="267" hits="39"/><line number="269" hits="96"/><line number="270" hits="96"/><line number="272" hits="32"/><line number="273" hits="20"/><line number="274" hits="54"/><line number="275" hits="135"/><line number="276" hits="108"/><line number="277" hits="54"/><line number="282" hits="13"/><line number="285" hits="32"/><line number="286" hits="8"/><line number="292" hits="71"/><line number="293" hits="141"/><line number="294" hits="350"/><line number="295" hits="210"/><line number="297" hits="1"/></lines></class></classes></package><package name="crates/codegraph-python/benches" line-rate="0" branch-rate="0" complexity="0"><classes></classes></package><package name="crates/codegraph-python/examples" line-rate="0" branch-rate="0" complexity="0"><classes></classes></package><package name="crates/codegraph-rust/benches" line-rate="0" branch-rate="0" complexity="0"><classes></classes></package><package name="crates/codegraph-go/tests" line-rate="0" branch-rate="0" complexity="0"><classes></classes></package><package name="crates/codegraph-rust/src" line-rate="0.7727272727272727" branch-rate="0" complexity="0"><classes><class name="extractor" filename="crates/codegraph-rust/src/extractor.rs" line-rate="1" branch-rate="0" complexity="0"><methods/><lines><line number="21" hits="37"/><line number="27" hits="105"/><line number="28" hits="67"/><line number="31" hits="124"/><line number="34" hits="62"/><line number="36" hits="93"/><line number="41" hits="93"/><line number="42" hits="93"/><line number="43" hits="93"/><line number="44" hits="124"/><line number="45" hits="62"/><line number="46" hits="31"/><line number="49" hits="62"/><line number="52" hits="124"/><line number="53" hits="93"/><line number="56" hits="62"/><line number="57" hits="62"/><line number="58" hits="62"/><line number="59" hits="62"/><line number="60" hits="62"/><line number="61" hits="62"/><line number="62" hits="62"/><line number="64" hits="31"/><line number="68" hits="31"/><line number="70" hits="33"/><line number="71" hits="6"/><line number="72" hits="4"/><line number="73" hits="4"/><line number="74" hits="4"/><line number="75" hits="2"/><line number="81" hits="29"/></lines></class><class name="mapper" filename="crates/codegraph-rust/src/mapper.rs" line-rate="0.8553459119496856" branch-rate="0" complexity="0"><methods/><lines><line number="13" hits="29"/><line number="18" hits="87"/><line number="19" hits="58"/><line number="20" hits="58"/><line number="21" hits="58"/><line number="22" hits="58"/><line number="25" hits="78"/><line number="26" hits="40"/><line number="27" hits="60"/><line number="28" hits="60"/><line number="29" hits="60"/><line number="30" hits="60"/><line number="32" hits="24"/><line number="33" hits="8"/><line number="36" hits="40"/><line number="37" hits="60"/><line number="38" hits="20"/><line number="39" hits="100"/><line number="40" hits="20"/><line number="43" hits="18"/><line number="45" hits="27"/><line number="48" hits="18"/><line number="49" hits="27"/><line number="50" hits="27"/><line number="53" hits="18"/><line number="54" hits="27"/><line number="55" hits="9"/><line number="56" hits="36"/><line number="57" hits="9"/><line number="61" hits="67"/><line number="62" hits="38"/><line number="63" hits="57"/><line number="64" hits="57"/><line number="65" hits="57"/><line number="66" hits="57"/><line number="67" hits="57"/><line number="68" hits="38"/><line number="69" hits="38"/><line number="70" hits="38"/><line number="72" hits="23"/><line number="73" hits="8"/><line number="75" hits="35"/><line number="76" hits="32"/><line number="79" hits="38"/><line number="80" hits="57"/><line number="81" hits="19"/><line number="83" hits="95"/><line number="84" hits="57"/><line number="87" hits="25"/><line number="89" hits="12"/><line number="90" hits="0"/><line number="91" hits="0"/><line number="92" hits="0"/><line number="95" hits="6"/><line number="96" hits="30"/><line number="97" hits="6"/><line number="101" hits="13"/><line number="102" hits="65"/><line number="103" hits="13"/><line number="108" hits="49"/><line number="109" hits="20"/><line number="110" hits="30"/><line number="111" hits="30"/><line number="112" hits="30"/><line number="113" hits="30"/><line number="114" hits="30"/><line number="115" hits="30"/><line number="117" hits="12"/><line number="118" hits="4"/><line number="121" hits="11"/><line number="122" hits="5"/><line number="125" hits="20"/><line number="126" hits="30"/><line number="127" hits="10"/><line number="129" hits="50"/><line number="130" hits="30"/><line number="133" hits="10"/><line number="134" hits="50"/><line number="135" hits="10"/><line number="139" hits="37"/><line number="140" hits="8"/><line number="141" hits="12"/><line number="142" hits="12"/><line number="143" hits="12"/><line number="144" hits="12"/><line number="146" hits="4"/><line number="147" hits="0"/><line number="150" hits="8"/><line number="151" hits="12"/><line number="152" hits="4"/><line number="154" hits="20"/><line number="155" hits="12"/><line number="158" hits="4"/><line number="159" hits="20"/><line number="160" hits="4"/><line number="163" hits="4"/><line number="164" hits="0"/><line number="165" hits="0"/><line number="166" hits="0"/><line number="167" hits="0"/><line number="173" hits="43"/><line number="174" hits="14"/><line number="177" hits="21"/><line number="178" hits="0"/><line number="181" hits="14"/><line number="182" hits="7"/><line number="183" hits="7"/><line number="185" hits="14"/><line number="186" hits="21"/><line number="187" hits="21"/><line number="189" hits="14"/><line number="190" hits="21"/><line number="191" hits="7"/><line number="192" hits="35"/><line number="193" hits="7"/><line number="196" hits="21"/><line number="199" hits="14"/><line number="200" hits="7"/><line number="201" hits="0"/><line number="203" hits="7"/><line number="204" hits="0"/><line number="206" hits="7"/><line number="207" hits="0"/><line number="210" hits="7"/><line number="211" hits="35"/><line number="212" hits="7"/><line number="216" hits="29"/><line number="217" hits="0"/><line number="218" hits="0"/><line number="220" hits="0"/><line number="221" hits="0"/><line number="222" hits="0"/><line number="227" hits="35"/><line number="228" hits="4"/><line number="229" hits="9"/><line number="230" hits="9"/><line number="232" hits="2"/><line number="234" hits="2"/><line number="235" hits="2"/><line number="236" hits="2"/><line number="237" hits="2"/><line number="239" hits="2"/><line number="244" hits="29"/><line number="245" hits="0"/><line number="246" hits="0"/><line number="247" hits="0"/><line number="249" hits="0"/><line number="250" hits="0"/><line number="251" hits="0"/><line number="255" hits="29"/><line number="256" hits="87"/><line number="257" hits="58"/><line number="258" hits="58"/><line number="259" hits="58"/><line number="260" hits="29"/><line number="261" hits="29"/><line number="262" hits="29"/><line number="263" hits="29"/><line number="264" hits="29"/></lines></class><class name="parser_impl" filename="crates/codegraph-rust/src/parser_impl.rs" line-rate="0.3565217391304348" branch-rate="0" complexity="0"><methods/><lines><line number="26" hits="27"/><line number="28" hits="54"/><line number="29" hits="27"/><line number="34" hits="0"/><line number="37" hits="0"/><line number="42" hits="1"/><line number="49" hits="4"/><line number="50" hits="1"/><line number="51" hits="2"/><line number="52" hits="1"/><line number="54" hits="0"/><line number="56" hits="1"/><line number="57" hits="1"/><line number="58" hits="1"/><line number="62" hits="18"/><line number="68" hits="72"/><line number="73" hits="0"/><line number="74" hits="0"/><line number="79" hits="2"/><line number="80" hits="2"/><line number="83" hits="10"/><line number="84" hits="10"/><line number="87" hits="1"/><line number="88" hits="2"/><line number="91" hits="1"/><line number="92" hits="3"/><line number="94" hits="1"/><line number="95" hits="0"/><line number="96" hits="0"/><line number="97" hits="0"/><line number="102" hits="1"/><line number="103" hits="3"/><line number="106" hits="6"/><line number="109" hits="3"/><line number="110" hits="3"/><line number="111" hits="4"/><line number="113" hits="0"/><line number="116" hits="1"/><line number="119" hits="23"/><line number="125" hits="46"/><line number="128" hits="115"/><line number="131" hits="108"/><line number="134" hits="18"/><line number="135" hits="36"/><line number="136" hits="18"/><line number="138" hits="18"/><line number="141" hits="0"/><line number="142" hits="0"/><line number="145" hits="2"/><line number="146" hits="4"/><line number="149" hits="1"/><line number="150" hits="2"/><line number="153" hits="0"/><line number="158" hits="0"/><line number="159" hits="0"/><line number="161" hits="0"/><line number="168" hits="0"/><line number="173" hits="0"/><line number="174" hits="0"/><line number="175" hits="0"/><line number="176" hits="0"/><line number="177" hits="0"/><line number="179" hits="0"/><line number="180" hits="0"/><line number="181" hits="0"/><line number="182" hits="0"/><line number="183" hits="0"/><line number="184" hits="0"/><line number="185" hits="0"/><line number="187" hits="0"/><line number="188" hits="0"/><line number="193" hits="0"/><line number="194" hits="0"/><line number="195" hits="0"/><line number="196" hits="0"/><line number="197" hits="0"/><line number="198" hits="0"/><line number="203" hits="0"/><line number="210" hits="0"/><line number="213" hits="0"/><line number="214" hits="0"/><line number="215" hits="0"/><line number="217" hits="0"/><line number="218" hits="0"/><line number="221" hits="0"/><line number="222" hits="0"/><line number="226" hits="0"/><line number="227" hits="0"/><line number="228" hits="0"/><line number="229" hits="0"/><line number="230" hits="0"/><line number="231" hits="0"/><line number="232" hits="0"/><line number="233" hits="0"/><line number="236" hits="0"/><line number="239" hits="0"/><line number="240" hits="0"/><line number="241" hits="0"/><line number="242" hits="0"/><line number="243" hits="0"/><line number="245" hits="0"/><line number="246" hits="0"/><line number="247" hits="0"/><line number="248" hits="0"/><line number="249" hits="0"/><line number="250" hits="0"/><line number="251" hits="0"/><line number="253" hits="0"/><line number="254" hits="0"/><line number="259" hits="0"/><line number="260" hits="0"/><line number="261" hits="0"/><line number="262" hits="0"/><line number="263" hits="0"/><line number="264" hits="0"/></lines></class><class name="visitor" filename="crates/codegraph-rust/src/visitor.rs" line-rate="0.9104477611940298" branch-rate="0" complexity="0"><methods/><lines><line number="30" hits="43"/><line number="33" hits="86"/><line number="34" hits="86"/><line number="35" hits="86"/><line number="36" hits="86"/><line number="37" hits="86"/><line number="38" hits="86"/><line number="39" hits="43"/><line number="45" hits="81"/><line number="46" hits="81"/><line number="47" hits="62"/><line number="48" hits="2"/><line number="49" hits="6"/><line number="50" hits="4"/><line number="51" hits="0"/><line number="52" hits="0"/><line number="54" hits="0"/><line number="57" hits="96"/><line number="62" hits="75"/><line number="63" hits="150"/><line number="64" hits="89"/><line number="65" hits="21"/><line number="66" hits="6"/><line number="67" hits="6"/><line number="68" hits="9"/><line number="69" hits="9"/><line number="75" hits="150"/><line number="76" hits="72"/><line number="78" hits="6"/><line number="83" hits="47"/><line number="84" hits="47"/><line number="86" hits="76"/><line number="87" hits="17"/><line number="88" hits="51"/><line number="89" hits="17"/><line number="90" hits="17"/><line number="91" hits="17"/><line number="93" hits="12"/><line number="94" hits="36"/><line number="95" hits="24"/><line number="97" hits="0"/><line number="100" hits="36"/><line number="102" hits="12"/><line number="103" hits="24"/><line number="104" hits="12"/><line number="105" hits="12"/><line number="106" hits="12"/><line number="114" hits="47"/><line number="115" hits="47"/><line number="116" hits="32"/><line number="117" hits="30"/><line number="122" hits="47"/><line number="123" hits="94"/><line number="127" hits="25"/><line number="128" hits="59"/><line number="132" hits="20"/><line number="133" hits="20"/><line number="134" hits="20"/><line number="136" hits="23"/><line number="137" hits="6"/><line number="138" hits="3"/><line number="140" hits="0"/><line number="148" hits="25"/><line number="149" hits="75"/><line number="150" hits="75"/><line number="151" hits="75"/><line number="152" hits="75"/><line number="153" hits="75"/><line number="154" hits="75"/><line number="155" hits="75"/><line number="156" hits="75"/><line number="159" hits="25"/><line number="160" hits="0"/><line number="164" hits="25"/><line number="165" hits="0"/><line number="169" hits="75"/><line number="181" hits="50"/><line number="182" hits="25"/><line number="185" hits="75"/><line number="188" hits="75"/><line number="191" hits="16"/><line number="192" hits="48"/><line number="193" hits="48"/><line number="194" hits="48"/><line number="197" hits="16"/><line number="198" hits="0"/><line number="202" hits="32"/><line number="203" hits="16"/><line number="205" hits="31"/><line number="206" hits="30"/><line number="207" hits="15"/><line number="208" hits="15"/><line number="209" hits="45"/><line number="210" hits="15"/><line number="211" hits="45"/><line number="212" hits="45"/><line number="214" hits="15"/><line number="215" hits="30"/><line number="216" hits="30"/><line number="217" hits="15"/><line number="218" hits="15"/><line number="219" hits="15"/><line number="220" hits="15"/><line number="225" hits="48"/><line number="228" hits="48"/><line number="234" hits="32"/><line number="235" hits="32"/><line number="236" hits="32"/><line number="239" hits="16"/><line number="243" hits="48"/><line number="245" hits="48"/><line number="248" hits="4"/><line number="249" hits="12"/><line number="250" hits="12"/><line number="251" hits="12"/><line number="254" hits="4"/><line number="255" hits="0"/><line number="259" hits="12"/><line number="262" hits="12"/><line number="268" hits="8"/><line number="269" hits="8"/><line number="270" hits="8"/><line number="271" hits="8"/><line number="273" hits="12"/><line number="277" hits="12"/><line number="279" hits="12"/><line number="282" hits="8"/><line number="283" hits="24"/><line number="284" hits="24"/><line number="285" hits="24"/><line number="288" hits="8"/><line number="289" hits="0"/><line number="293" hits="16"/><line number="294" hits="26"/><line number="295" hits="27"/><line number="296" hits="36"/><line number="297" hits="36"/><line number="298" hits="36"/><line number="299" hits="36"/><line number="304" hits="36"/><line number="307" hits="36"/><line number="313" hits="36"/><line number="314" hits="27"/><line number="315" hits="18"/><line number="318" hits="18"/><line number="323" hits="16"/><line number="324" hits="8"/><line number="326" hits="8"/><line number="327" hits="0"/><line number="328" hits="0"/><line number="329" hits="0"/><line number="330" hits="0"/><line number="331" hits="0"/><line number="332" hits="0"/><line number="334" hits="0"/><line number="340" hits="24"/><line number="347" hits="8"/><line number="350" hits="24"/><line number="352" hits="24"/><line number="355" hits="10"/><line number="357" hits="30"/><line number="358" hits="10"/><line number="359" hits="10"/><line number="360" hits="10"/><line number="362" hits="30"/><line number="363" hits="10"/><line number="365" hits="0"/><line number="369" hits="15"/><line number="370" hits="10"/><line number="371" hits="5"/><line number="373" hits="15"/><line number="374" hits="5"/><line number="377" hits="10"/><line number="381" hits="15"/><line number="385" hits="30"/><line number="386" hits="20"/><line number="389" hits="36"/><line number="390" hits="26"/><line number="391" hits="39"/><line number="392" hits="39"/><line number="393" hits="39"/><line number="394" hits="39"/><line number="395" hits="39"/><line number="396" hits="39"/><line number="397" hits="39"/><line number="400" hits="26"/><line number="401" hits="13"/><line number="402" hits="13"/><line number="403" hits="13"/><line number="404" hits="27"/><line number="419" hits="26"/><line number="420" hits="13"/><line number="423" hits="39"/><line number="427" hits="30"/><line number="430" hits="20"/><line number="433" hits="11"/><line number="435" hits="33"/><line number="438" hits="33"/><line number="440" hits="11"/><line number="445" hits="33"/><line number="447" hits="33"/></lines></class></classes></package><package name="crates/codegraph-rust/tests" line-rate="0" branch-rate="0" complexity="0"><classes></classes></package><package name="crates/codegraph/src/export" line-rate="0.7881040892193308" branch-rate="0" complexity="0"><classes><class name="csv" filename="crates/codegraph/src/export/csv.rs" line-rate="0.6060606060606061" branch-rate="0" complexity="0"><methods/><lines><line number="12" hits="2"/><line number="13" hits="8"/><line number="14" hits="0"/><line number="15" hits="0"/><line number="19" hits="4"/><line number="20" hits="10"/><line number="21" hits="24"/><line number="22" hits="88"/><line number="23" hits="108"/><line number="28" hits="10"/><line number="29" hits="2"/><line number="32" hits="8"/><line number="33" hits="0"/><line number="34" hits="0"/><line number="36" hits="38"/><line number="37" hits="72"/><line number="38" hits="0"/><line number="39" hits="0"/><line number="42" hits="6"/><line number="43" hits="0"/><line number="44" hits="0"/><line number="48" hits="10"/><line number="49" hits="24"/><line number="50" hits="32"/><line number="51" hits="0"/><line number="52" hits="0"/><line number="53" hits="0"/><line number="57" hits="152"/><line number="58" hits="288"/><line number="59" hits="0"/><line number="60" hits="0"/><line number="62" hits="180"/><line number="63" hits="216"/><line number="64" hits="0"/><line number="65" hits="0"/><line number="66" hits="0"/><line number="71" hits="24"/><line number="72" hits="0"/><line number="73" hits="0"/><line number="78" hits="2"/><line number="82" hits="2"/><line number="83" hits="8"/><line number="84" hits="0"/><line number="85" hits="0"/><line number="89" hits="4"/><line number="90" hits="10"/><line number="91" hits="24"/><line number="92" hits="24"/><line number="93" hits="12"/><line number="98" hits="10"/><line number="99" hits="2"/><line number="102" hits="8"/><line number="103" hits="0"/><line number="104" hits="0"/><line number="106" hits="10"/><line number="107" hits="16"/><line number="108" hits="0"/><line number="109" hits="0"/><line number="112" hits="6"/><line number="113" hits="0"/><line number="114" hits="0"/><line number="118" hits="10"/><line number="119" hits="24"/><line number="120" hits="8"/><line number="121" hits="8"/><line number="125" hits="8"/><line number="126" hits="0"/><line number="127" hits="0"/><line number="130" hits="40"/><line number="131" hits="64"/><line number="132" hits="0"/><line number="133" hits="0"/><line number="135" hits="36"/><line number="136" hits="24"/><line number="137" hits="0"/><line number="138" hits="0"/><line number="139" hits="0"/><line number="144" hits="24"/><line number="145" hits="0"/><line number="146" hits="0"/><line number="151" hits="2"/><line number="155" hits="1"/><line number="156" hits="3"/><line number="157" hits="3"/><line number="158" hits="1"/><line number="162" hits="40"/><line number="163" hits="40"/><line number="164" hits="60"/><line number="165" hits="30"/><line number="166" hits="0"/><line number="167" hits="24"/><line number="168" hits="6"/><line number="169" hits="0"/><line number="171" hits="0"/><line number="174" hits="0"/><line number="179" hits="43"/><line number="180" hits="252"/><line number="181" hits="10"/><line number="183" hits="82"/></lines></class><class name="dot" filename="crates/codegraph/src/export/dot.rs" line-rate="0.8904109589041096" branch-rate="0" complexity="0"><methods/><lines><line number="24" hits="2"/><line number="25" hits="4"/><line number="26" hits="10"/><line number="27" hits="10"/><line number="28" hits="10"/><line number="29" hits="10"/><line number="30" hits="10"/><line number="31" hits="10"/><line number="33" hits="4"/><line number="34" hits="10"/><line number="35" hits="10"/><line number="36" hits="10"/><line number="37" hits="10"/><line number="38" hits="10"/><line number="39" hits="10"/><line number="43" hits="4"/><line number="45" hits="4"/><line number="46" hits="2"/><line number="52" hits="2"/><line number="53" hits="6"/><line number="57" hits="3"/><line number="58" hits="6"/><line number="61" hits="9"/><line number="62" hits="9"/><line number="63" hits="9"/><line number="66" hits="10112"/><line number="67" hits="30327"/><line number="69" hits="40431"/><line number="70" hits="20208"/><line number="71" hits="15"/><line number="72" hits="10"/><line number="74" hits="0"/><line number="78" hits="10117"/><line number="79" hits="12"/><line number="80" hits="8"/><line number="81" hits="4"/><line number="82" hits="2"/><line number="83" hits="2"/><line number="89" hits="20218"/><line number="90" hits="10109"/><line number="91" hits="20218"/><line number="92" hits="30327"/><line number="95" hits="20218"/><line number="96" hits="10109"/><line number="97" hits="20218"/><line number="98" hits="30327"/><line number="101" hits="30327"/><line number="102" hits="10109"/><line number="107" hits="6"/><line number="110" hits="10111"/><line number="111" hits="30324"/><line number="112" hits="30324"/><line number="114" hits="20216"/><line number="115" hits="10108"/><line number="116" hits="20216"/><line number="117" hits="10109"/><line number="120" hits="30324"/><line number="121" hits="10108"/><line number="122" hits="10108"/><line number="127" hits="9"/><line number="129" hits="3"/><line number="133" hits="10112"/><line number="134" hits="40448"/><line number="140" hits="2"/><line number="141" hits="2"/><line number="142" hits="6"/><line number="143" hits="0"/><line number="144" hits="0"/><line number="145" hits="0"/><line number="146" hits="0"/><line number="147" hits="0"/><line number="149" hits="0"/><line number="152" hits="0"/></lines></class><class name="json" filename="crates/codegraph/src/export/json.rs" line-rate="0.9491525423728814" branch-rate="0" complexity="0"><methods/><lines><line number="10" hits="2"/><line number="11" hits="4"/><line number="12" hits="4"/><line number="15" hits="10107"/><line number="16" hits="40420"/><line number="17" hits="40420"/><line number="22" hits="10106"/><line number="23" hits="40416"/><line number="24" hits="40416"/><line number="25" hits="20208"/><line number="26" hits="20208"/><line number="27" hits="20208"/><line number="28" hits="40416"/><line number="29" hits="20208"/><line number="34" hits="4"/><line number="35" hits="2"/><line number="36" hits="2"/><line number="40" hits="6"/><line number="44" hits="1"/><line number="49" hits="2"/><line number="50" hits="2"/><line number="53" hits="5"/><line number="54" hits="12"/><line number="55" hits="6"/><line number="56" hits="12"/><line number="57" hits="4"/><line number="63" hits="2"/><line number="64" hits="1"/><line number="65" hits="5"/><line number="66" hits="12"/><line number="68" hits="15"/><line number="70" hits="4"/><line number="71" hits="2"/><line number="72" hits="2"/><line number="73" hits="2"/><line number="74" hits="4"/><line number="75" hits="2"/><line number="82" hits="2"/><line number="83" hits="1"/><line number="84" hits="1"/><line number="88" hits="3"/><line number="92" hits="10107"/><line number="93" hits="10107"/><line number="94" hits="10107"/><line number="95" hits="30321"/><line number="96" hits="30321"/><line number="101" hits="20213"/><line number="102" hits="40426"/><line number="104" hits="181904"/><line number="105" hits="141478"/><line number="106" hits="60638"/><line number="107" hits="40422"/><line number="108" hits="0"/><line number="109" hits="40416"/><line number="110" hits="2"/><line number="111" hits="0"/><line number="112" hits="0"/><line number="114" hits="353695"/><line number="117" hits="20213"/></lines></class><class name="triples" filename="crates/codegraph/src/export/triples.rs" line-rate="0.8157894736842105" branch-rate="0" complexity="0"><methods/><lines><line number="8" hits="1"/><line number="9" hits="2"/><line number="12" hits="5"/><line number="13" hits="12"/><line number="15" hits="12"/><line number="16" hits="4"/><line number="17" hits="4"/><line number="21" hits="62"/><line number="22" hits="72"/><line number="23" hits="54"/><line number="29" hits="5"/><line number="30" hits="12"/><line number="31" hits="12"/><line number="32" hits="4"/><line number="33" hits="4"/><line number="37" hits="14"/><line number="38" hits="8"/><line number="39" hits="6"/><line number="44" hits="1"/><line number="48" hits="24"/><line number="49" hits="24"/><line number="50" hits="12"/><line number="52" hits="48"/><line number="53" hits="24"/><line number="55" hits="6"/><line number="56" hits="12"/><line number="58" hits="0"/><line number="59" hits="0"/><line number="61" hits="5"/><line number="62" hits="10"/><line number="64" hits="1"/><line number="66" hits="5"/><line number="67" hits="2"/><line number="69" hits="0"/><line number="70" hits="0"/><line number="72" hits="0"/><line number="75" hits="0"/><line number="77" hits="0"/></lines></class></classes></package><package name="crates/codegraph-python/src" line-rate="0.8384146341463414" branch-rate="0" complexity="0"><classes><class name="builder" filename="crates/codegraph-python/src/builder.rs" line-rate="1" branch-rate="0" complexity="0"><methods/><lines><line number="20" hits="41"/><line number="22" hits="205"/><line number="23" hits="41"/><line number="26" hits="123"/><line number="29" hits="109"/><line number="31" hits="34"/><line number="32" hits="34"/><line number="33" hits="34"/><line number="34" hits="34"/><line number="35" hits="34"/><line number="37" hits="34"/><line number="39" hits="170"/><line number="43" hits="103"/><line number="45" hits="31"/><line number="46" hits="31"/><line number="47" hits="31"/><line number="48" hits="31"/><line number="49" hits="31"/><line number="51" hits="31"/><line number="53" hits="155"/><line number="56" hits="141"/><line number="58" hits="55"/><line number="59" hits="55"/><line number="60" hits="55"/><line number="61" hits="55"/><line number="62" hits="55"/><line number="64" hits="55"/><line number="67" hits="165"/><line number="68" hits="220"/><line number="73" hits="161"/><line number="74" hits="26"/><line number="75" hits="360"/><line number="77" hits="65"/><line number="78" hits="13"/><line number="89" hits="41"/><line number="91" hits="41"/></lines></class><class name="config" filename="crates/codegraph-python/src/config.rs" line-rate="0.9130434782608695" branch-rate="0" complexity="0"><methods/><lines><line number="30" hits="108"/><line number="35" hits="216"/><line number="36" hits="432"/><line number="37" hits="216"/><line number="57" hits="3"/><line number="58" hits="5"/><line number="59" hits="2"/><line number="60" hits="1"/><line number="64" hits="2"/><line number="65" hits="0"/><line number="68" hits="4"/><line number="69" hits="0"/><line number="72" hits="2"/><line number="76" hits="74"/><line number="77" hits="222"/><line number="78" hits="148"/><line number="79" hits="74"/><line number="84" hits="23"/><line number="85" hits="190"/><line number="87" hits="144"/><line number="88" hits="39"/><line number="89" hits="39"/><line number="91" hits="131"/></lines></class><class name="error" filename="crates/codegraph-python/src/error.rs" line-rate="0" branch-rate="0" complexity="0"><methods/><lines><line number="49" hits="0"/><line number="51" hits="0"/><line number="57" hits="0"/><line number="59" hits="0"/><line number="66" hits="0"/><line number="73" hits="0"/><line number="76" hits="0"/><line number="81" hits="0"/><line number="82" hits="0"/><line number="86" hits="0"/><line number="87" hits="0"/><line number="91" hits="0"/><line number="93" hits="0"/><line number="94" hits="0"/></lines></class><class name="extractor" filename="crates/codegraph-python/src/extractor.rs" line-rate="0.7638190954773869" branch-rate="0" complexity="0"><methods/><lines><line number="15" hits="125"/><line number="17" hits="491"/><line number="18" hits="143"/><line number="20" hits="464"/><line number="23" hits="232"/><line number="25" hits="348"/><line number="30" hits="464"/><line number="31" hits="580"/><line number="32" hits="232"/><line number="33" hits="348"/><line number="36" hits="1142"/><line number="37" hits="455"/><line number="38" hits="194"/><line number="40" hits="582"/><line number="41" hits="4"/><line number="45" hits="380"/><line number="46" hits="570"/><line number="47" hits="1140"/><line number="48" hits="570"/><line number="51" hits="190"/><line number="52" hits="760"/><line number="53" hits="355"/><line number="54" hits="110"/><line number="57" hits="4"/><line number="59" hits="12"/><line number="60" hits="0"/><line number="63" hits="8"/><line number="64" hits="12"/><line number="65" hits="4"/><line number="66" hits="24"/><line number="67" hits="12"/><line number="70" hits="4"/><line number="71" hits="16"/><line number="72" hits="4"/><line number="73" hits="0"/><line number="76" hits="163"/><line number="77" hits="326"/><line number="78" hits="489"/><line number="81" hits="326"/><line number="82" hits="994"/><line number="83" hits="334"/><line number="84" hits="190"/><line number="85" hits="380"/><line number="86" hits="570"/><line number="88" hits="380"/><line number="89" hits="190"/><line number="90" hits="190"/><line number="92" hits="570"/><line number="95" hits="190"/><line number="96" hits="1140"/><line number="98" hits="190"/><line number="99" hits="190"/><line number="100" hits="190"/><line number="102" hits="277"/><line number="103" hits="58"/><line number="106" hits="0"/><line number="107" hits="0"/><line number="108" hits="0"/><line number="110" hits="0"/><line number="111" hits="0"/><line number="112" hits="0"/><line number="115" hits="0"/><line number="118" hits="0"/><line number="119" hits="0"/><line number="121" hits="0"/><line number="122" hits="0"/><line number="123" hits="0"/><line number="125" hits="0"/><line number="126" hits="0"/><line number="129" hits="144"/><line number="135" hits="978"/><line number="136" hits="326"/><line number="137" hits="489"/><line number="140" hits="195"/><line number="141" hits="48"/><line number="142" hits="32"/><line number="143" hits="80"/><line number="144" hits="32"/><line number="148" hits="15"/><line number="150" hits="30"/><line number="152" hits="45"/><line number="156" hits="45"/><line number="157" hits="45"/><line number="158" hits="60"/><line number="161" hits="19"/><line number="162" hits="8"/><line number="165" hits="45"/><line number="168" hits="32"/><line number="170" hits="64"/><line number="172" hits="96"/><line number="176" hits="64"/><line number="177" hits="32"/><line number="179" hits="94"/><line number="180" hits="34"/><line number="183" hits="64"/><line number="184" hits="32"/><line number="186" hits="116"/><line number="188" hits="34"/><line number="189" hits="12"/><line number="190" hits="4"/><line number="192" hits="90"/><line number="193" hits="30"/><line number="195" hits="110"/><line number="197" hits="30"/><line number="198" hits="150"/><line number="199" hits="90"/><line number="202" hits="47"/><line number="208" hits="116"/><line number="212" hits="384"/><line number="217" hits="768"/><line number="219" hits="2952"/><line number="220" hits="2400"/><line number="223" hits="384"/><line number="227" hits="614"/><line number="233" hits="614"/><line number="234" hits="396"/><line number="235" hits="792"/><line number="237" hits="112"/><line number="238" hits="224"/><line number="240" hits="0"/><line number="241" hits="0"/><line number="242" hits="0"/><line number="245" hits="0"/><line number="246" hits="0"/><line number="248" hits="285"/><line number="249" hits="855"/><line number="250" hits="1140"/><line number="253" hits="8"/><line number="254" hits="44"/><line number="255" hits="48"/><line number="257" hits="14"/><line number="258" hits="8"/><line number="261" hits="0"/><line number="262" hits="0"/><line number="263" hits="0"/><line number="266" hits="0"/><line number="267" hits="0"/><line number="268" hits="0"/><line number="271" hits="0"/><line number="272" hits="0"/><line number="273" hits="0"/><line number="276" hits="0"/><line number="277" hits="0"/><line number="278" hits="0"/><line number="280" hits="0"/><line number="281" hits="0"/><line number="282" hits="0"/><line number="283" hits="0"/><line number="287" hits="67"/><line number="294" hits="638"/><line number="302" hits="638"/><line number="303" hits="84"/><line number="305" hits="252"/><line number="307" hits="168"/><line number="308" hits="222"/><line number="309" hits="420"/><line number="312" hits="252"/><line number="316" hits="255"/><line number="317" hits="228"/><line number="320" hits="40"/><line number="321" hits="120"/><line number="322" hits="80"/><line number="324" hits="0"/><line number="325" hits="0"/><line number="327" hits="2"/><line number="328" hits="6"/><line number="329" hits="4"/><line number="331" hits="0"/><line number="332" hits="0"/><line number="334" hits="533"/><line number="342" hits="84"/><line number="345" hits="84"/><line number="346" hits="54"/><line number="348" hits="54"/><line number="350" hits="30"/><line number="353" hits="90"/><line number="354" hits="30"/><line number="356" hits="0"/><line number="362" hits="32"/><line number="365" hits="32"/><line number="366" hits="90"/><line number="367" hits="2"/><line number="368" hits="6"/><line number="369" hits="4"/><line number="371" hits="0"/><line number="377" hits="16"/><line number="380" hits="16"/><line number="381" hits="16"/><line number="383" hits="16"/><line number="385" hits="0"/><line number="387" hits="0"/><line number="388" hits="0"/><line number="390" hits="0"/><line number="395" hits="198"/><line number="397" hits="216"/><line number="398" hits="3"/><line number="402" hits="201"/><line number="403" hits="1"/><line number="406" hits="194"/></lines></class><class name="parser" filename="crates/codegraph-python/src/parser.rs" line-rate="0.8525641025641025" branch-rate="0" complexity="0"><methods/><lines><line number="34" hits="40"/><line number="37" hits="80"/><line number="38" hits="80"/><line number="39" hits="80"/><line number="40" hits="40"/><line number="42" hits="40"/><line number="47" hits="1"/><line number="48" hits="5"/><line number="79" hits="8"/><line number="81" hits="16"/><line number="82" hits="8"/><line number="87" hits="8"/><line number="92" hits="4"/><line number="93" hits="16"/><line number="94" hits="4"/><line number="95" hits="1"/><line number="97" hits="3"/><line number="101" hits="1"/><line number="102" hits="2"/><line number="103" hits="0"/><line number="105" hits="2"/><line number="109" hits="32"/><line number="110" hits="32"/><line number="111" hits="32"/><line number="112" hits="32"/><line number="113" hits="32"/><line number="114" hits="32"/><line number="115" hits="96"/><line number="119" hits="3"/><line number="120" hits="12"/><line number="125" hits="0"/><line number="126" hits="0"/><line number="137" hits="15"/><line number="139" hits="15"/><line number="144" hits="5"/><line number="149" hits="1"/><line number="150" hits="1"/><line number="164" hits="40"/><line number="172" hits="80"/><line number="175" hits="240"/><line number="176" hits="3"/><line number="177" hits="6"/><line number="178" hits="3"/><line number="179" hits="3"/><line number="180" hits="3"/><line number="185" hits="259"/><line number="188" hits="148"/><line number="191" hits="210"/><line number="194" hits="97"/><line number="195" hits="195"/><line number="196" hits="110"/><line number="197" hits="110"/><line number="198" hits="110"/><line number="202" hits="208"/><line number="203" hits="148"/><line number="205" hits="111"/><line number="206" hits="148"/><line number="207" hits="37"/><line number="210" hits="37"/><line number="213" hits="37"/><line number="215" hits="37"/><line number="229" hits="41"/><line number="236" hits="41"/><line number="239" hits="81"/><line number="240" hits="80"/><line number="241" hits="80"/><line number="242" hits="1"/><line number="243" hits="1"/><line number="244" hits="1"/><line number="251" hits="159"/><line number="252" hits="2"/><line number="253" hits="1"/><line number="256" hits="78"/><line number="257" hits="1"/><line number="258" hits="1"/><line number="259" hits="3"/><line number="260" hits="2"/><line number="261" hits="1"/><line number="266" hits="38"/><line number="267" hits="114"/><line number="268" hits="0"/><line number="269" hits="0"/><line number="273" hits="228"/><line number="275" hits="36"/><line number="276" hits="0"/><line number="277" hits="0"/><line number="279" hits="0"/><line number="280" hits="0"/><line number="283" hits="36"/><line number="297" hits="7"/><line number="305" hits="14"/><line number="306" hits="14"/><line number="308" hits="7"/><line number="311" hits="14"/><line number="313" hits="59"/><line number="314" hits="7"/><line number="315" hits="7"/><line number="316" hits="57"/><line number="318" hits="100"/><line number="319" hits="38"/><line number="320" hits="38"/><line number="323" hits="31"/><line number="326" hits="45"/><line number="327" hits="44"/><line number="328" hits="88"/><line number="329" hits="62"/><line number="330" hits="62"/><line number="331" hits="124"/><line number="332" hits="93"/><line number="338" hits="1"/><line number="340" hits="3"/><line number="341" hits="5"/><line number="348" hits="7"/><line number="349" hits="5"/><line number="351" hits="24"/><line number="354" hits="7"/><line number="356" hits="7"/><line number="357" hits="0"/><line number="358" hits="0"/><line number="362" hits="0"/><line number="363" hits="0"/><line number="364" hits="0"/><line number="367" hits="7"/><line number="371" hits="6"/><line number="377" hits="60"/><line number="378" hits="81"/><line number="379" hits="52"/><line number="380" hits="52"/><line number="382" hits="2"/><line number="383" hits="5"/><line number="390" hits="1"/><line number="399" hits="3"/><line number="400" hits="3"/><line number="403" hits="3"/><line number="404" hits="1"/><line number="405" hits="2"/><line number="407" hits="1"/><line number="408" hits="0"/><line number="409" hits="0"/><line number="413" hits="0"/><line number="414" hits="0"/><line number="415" hits="0"/><line number="420" hits="3"/><line number="421" hits="7"/><line number="424" hits="4"/><line number="425" hits="16"/><line number="426" hits="16"/><line number="429" hits="16"/><line number="430" hits="4"/><line number="431" hits="8"/><line number="432" hits="8"/><line number="434" hits="0"/><line number="435" hits="0"/><line number="441" hits="1"/><line number="446" hits="0"/><line number="447" hits="0"/></lines></class><class name="parser_impl" filename="crates/codegraph-python/src/parser_impl.rs" line-rate="0.9122807017543859" branch-rate="0" complexity="0"><methods/><lines><line number="21" hits="61"/><line number="23" hits="122"/><line number="24" hits="61"/><line number="29" hits="8"/><line number="32" hits="8"/><line number="37" hits="82"/><line number="44" hits="328"/><line number="45" hits="82"/><line number="46" hits="155"/><line number="47" hits="73"/><line number="49" hits="9"/><line number="51" hits="82"/><line number="52" hits="82"/><line number="53" hits="82"/><line number="57" hits="74"/><line number="66" hits="222"/><line number="67" hits="148"/><line number="68" hits="148"/><line number="69" hits="148"/><line number="70" hits="148"/><line number="73" hits="222"/><line number="74" hits="148"/><line number="75" hits="222"/><line number="76" hits="222"/><line number="77" hits="222"/><line number="78" hits="222"/><line number="80" hits="74"/><line number="81" hits="0"/><line number="84" hits="148"/><line number="85" hits="222"/><line number="86" hits="74"/><line number="87" hits="370"/><line number="88" hits="74"/><line number="91" hits="0"/><line number="93" hits="0"/><line number="96" hits="0"/><line number="97" hits="0"/><line number="98" hits="0"/><line number="101" hits="0"/><line number="102" hits="0"/><line number="103" hits="0"/><line number="104" hits="0"/><line number="105" hits="0"/><line number="109" hits="392"/><line number="110" hits="318"/><line number="111" hits="477"/><line number="112" hits="477"/><line number="113" hits="477"/><line number="114" hits="477"/><line number="115" hits="477"/><line number="116" hits="477"/><line number="117" hits="477"/><line number="119" hits="159"/><line number="120" hits="0"/><line number="122" hits="159"/><line number="123" hits="0"/><line number="126" hits="318"/><line number="127" hits="477"/><line number="128" hits="159"/><line number="130" hits="795"/><line number="131" hits="477"/><line number="134" hits="159"/><line number="135" hits="795"/><line number="136" hits="159"/><line number="140" hits="324"/><line number="141" hits="250"/><line number="142" hits="375"/><line number="143" hits="375"/><line number="144" hits="375"/><line number="145" hits="375"/><line number="146" hits="375"/><line number="148" hits="125"/><line number="149" hits="0"/><line number="152" hits="250"/><line number="153" hits="375"/><line number="154" hits="125"/><line number="156" hits="625"/><line number="157" hits="375"/><line number="160" hits="125"/><line number="161" hits="625"/><line number="162" hits="125"/><line number="165" hits="377"/><line number="166" hits="378"/><line number="167" hits="252"/><line number="168" hits="378"/><line number="169" hits="378"/><line number="170" hits="378"/><line number="171" hits="378"/><line number="172" hits="378"/><line number="174" hits="378"/><line number="176" hits="126"/><line number="177" hits="0"/><line number="180" hits="252"/><line number="181" hits="378"/><line number="182" hits="126"/><line number="184" hits="504"/><line number="185" hits="378"/><line number="188" hits="126"/><line number="189" hits="630"/><line number="190" hits="126"/><line number="195" hits="76"/><line number="196" hits="2"/><line number="197" hits="3"/><line number="198" hits="3"/><line number="199" hits="3"/><line number="200" hits="3"/><line number="202" hits="1"/><line number="203" hits="0"/><line number="206" hits="2"/><line number="207" hits="3"/><line number="208" hits="1"/><line number="210" hits="5"/><line number="211" hits="3"/><line number="214" hits="1"/><line number="215" hits="5"/><line number="216" hits="1"/><line number="220" hits="120"/><line number="221" hits="46"/><line number="224" hits="70"/><line number="225" hits="1"/><line number="227" hits="44"/><line number="228" hits="66"/><line number="231" hits="44"/><line number="232" hits="66"/><line number="233" hits="22"/><line number="234" hits="110"/><line number="235" hits="22"/><line number="238" hits="69"/><line number="241" hits="46"/><line number="242" hits="27"/><line number="243" hits="8"/><line number="245" hits="23"/><line number="246" hits="0"/><line number="248" hits="37"/><line number="249" hits="70"/><line number="251" hits="23"/><line number="252" hits="115"/><line number="253" hits="23"/><line number="257" hits="106"/><line number="258" hits="6"/><line number="259" hits="96"/><line number="261" hits="6"/><line number="262" hits="9"/><line number="263" hits="9"/><line number="265" hits="3"/><line number="266" hits="15"/><line number="267" hits="3"/><line number="272" hits="84"/><line number="273" hits="6"/><line number="274" hits="15"/><line number="275" hits="15"/><line number="277" hits="15"/><line number="279" hits="3"/><line number="280" hits="15"/><line number="281" hits="3"/><line number="286" hits="76"/><line number="287" hits="2"/><line number="288" hits="3"/><line number="289" hits="3"/><line number="291" hits="1"/><line number="293" hits="1"/><line number="294" hits="1"/><line number="295" hits="1"/><line number="296" hits="1"/><line number="298" hits="1"/><line number="303" hits="222"/><line number="304" hits="74"/><line number="306" hits="0"/><line number="309" hits="74"/><line number="310" hits="222"/><line number="311" hits="148"/><line number="312" hits="148"/><line number="313" hits="148"/><line number="314" hits="148"/><line number="315" hits="74"/><line number="316" hits="74"/><line number="317" hits="74"/><line number="318" hits="74"/><line number="324" hits="0"/><line number="325" hits="0"/><line number="330" hits="2"/><line number="331" hits="2"/><line number="334" hits="56"/><line number="335" hits="56"/><line number="338" hits="38"/><line number="339" hits="76"/><line number="342" hits="76"/><line number="343" hits="1"/><line number="344" hits="3"/><line number="345" hits="1"/><line number="350" hits="110"/><line number="351" hits="41"/><line number="354" hits="108"/><line number="355" hits="36"/><line number="356" hits="4"/><line number="357" hits="2"/><line number="361" hits="210"/><line number="362" hits="33"/><line number="364" hits="33"/><line number="367" hits="81"/><line number="373" hits="162"/><line number="376" hits="162"/><line number="377" hits="8"/><line number="378" hits="2"/><line number="379" hits="6"/><line number="380" hits="2"/><line number="387" hits="158"/><line number="388" hits="158"/><line number="389" hits="158"/><line number="390" hits="158"/><line number="391" hits="79"/><line number="395" hits="474"/><line number="396" hits="24"/><line number="397" hits="12"/><line number="401" hits="219"/><line number="402" hits="219"/><line number="405" hits="438"/><line number="408" hits="219"/><line number="409" hits="73"/><line number="410" hits="73"/><line number="412" hits="365"/><line number="414" hits="73"/><line number="417" hits="4"/><line number="418" hits="4"/><line number="421" hits="13"/><line number="422" hits="26"/><line number="425" hits="2"/><line number="426" hits="4"/></lines></class></classes></package><package name="crates/codegraph-typescript/tests" line-rate="0" branch-rate="0" complexity="0"><classes></classes></package><package name="crates/codegraph/benches" line-rate="0" branch-rate="0" complexity="0"><classes></classes></package><package name="crates/codegraph/src/graph" line-rate="0.8913934426229508" branch-rate="0" complexity="0"><classes><class name="algorithms" filename="crates/codegraph/src/graph/algorithms.rs" line-rate="0.9911504424778761" branch-rate="0" complexity="0"><methods/><lines><line number="22" hits="6"/><line number="28" hits="12"/><line number="29" hits="12"/><line number="30" hits="12"/><line number="32" hits="18"/><line number="33" hits="18"/><line number="35" hits="63"/><line number="37" hits="28"/><line number="38" hits="9"/><line number="39" hits="3"/><line number="44" hits="80"/><line number="46" hits="44"/><line number="47" hits="41"/><line number="48" hits="52"/><line number="49" hits="52"/><line number="50" hits="39"/><line number="55" hits="6"/><line number="70" hits="3"/><line number="76" hits="6"/><line number="77" hits="6"/><line number="78" hits="6"/><line number="80" hits="9"/><line number="81" hits="9"/><line number="83" hits="30"/><line number="85" hits="15"/><line number="86" hits="6"/><line number="87" hits="1"/><line number="92" hits="40"/><line number="94" hits="20"/><line number="95" hits="18"/><line number="96" hits="24"/><line number="97" hits="24"/><line number="98" hits="18"/><line number="103" hits="3"/><line number="117" hits="3"/><line number="118" hits="6"/><line number="119" hits="6"/><line number="120" hits="9"/><line number="121" hits="9"/><line number="122" hits="9"/><line number="123" hits="6"/><line number="126" hits="12"/><line number="127" hits="45"/><line number="129" hits="3"/><line number="130" hits="3"/><line number="131" hits="3"/><line number="132" hits="3"/><line number="133" hits="3"/><line number="134" hits="3"/><line number="135" hits="3"/><line number="136" hits="3"/><line number="142" hits="18"/><line number="147" hits="9"/><line number="157" hits="36"/><line number="158" hits="36"/><line number="159" hits="9"/><line number="160" hits="27"/><line number="161" hits="27"/><line number="164" hits="45"/><line number="165" hits="27"/><line number="166" hits="18"/><line number="168" hits="54"/><line number="169" hits="24"/><line number="170" hits="24"/><line number="171" hits="36"/><line number="172" hits="12"/><line number="174" hits="15"/><line number="175" hits="15"/><line number="176" hits="15"/><line number="181" hits="36"/><line number="182" hits="6"/><line number="184" hits="36"/><line number="185" hits="27"/><line number="186" hits="27"/><line number="187" hits="9"/><line number="188" hits="3"/><line number="191" hits="9"/><line number="194" hits="9"/><line number="210" hits="2"/><line number="216" hits="6"/><line number="217" hits="4"/><line number="218" hits="6"/><line number="219" hits="4"/><line number="220" hits="6"/><line number="223" hits="2"/><line number="224" hits="2"/><line number="225" hits="2"/><line number="226" hits="2"/><line number="227" hits="2"/><line number="228" hits="2"/><line number="229" hits="2"/><line number="232" hits="2"/><line number="236" hits="7"/><line number="246" hits="14"/><line number="247" hits="0"/><line number="251" hits="7"/><line number="252" hits="8"/><line number="253" hits="2"/><line number="257" hits="25"/><line number="258" hits="15"/><line number="259" hits="10"/><line number="260" hits="15"/><line number="261" hits="15"/><line number="264" hits="5"/><line number="265" hits="5"/><line number="266" hits="5"/><line number="267" hits="5"/><line number="268" hits="5"/><line number="269" hits="5"/><line number="270" hits="5"/><line number="273" hits="10"/><line number="274" hits="15"/><line number="278" hits="5"/></lines></class><class name="codegraph" filename="crates/codegraph/src/graph/codegraph.rs" line-rate="0.9252669039145908" branch-rate="0" complexity="0"><methods/><lines><line number="36" hits="246"/><line number="41" hits="492"/><line number="42" hits="492"/><line number="43" hits="246"/><line number="44" hits="246"/><line number="48" hits="492"/><line number="50" hits="246"/><line number="69" hits="22"/><line number="71" hits="22"/><line number="72" hits="66"/><line number="73" hits="44"/><line number="80" hits="224"/><line number="82" hits="448"/><line number="83" hits="448"/><line number="100" hits="21286"/><line number="101" hits="63858"/><line number="102" hits="21286"/><line number="103" hits="106430"/><line number="106" hits="63858"/><line number="107" hits="63858"/><line number="108" hits="21286"/><line number="110" hits="85144"/><line number="113" hits="85144"/><line number="114" hits="21286"/><line number="116" hits="21286"/><line number="124" hits="83070"/><line number="125" hits="332280"/><line number="126" hits="8"/><line number="135" hits="1"/><line number="136" hits="1"/><line number="137" hits="2"/><line number="138" hits="1"/><line number="139" hits="0"/><line number="150" hits="0"/><line number="151" hits="0"/><line number="154" hits="0"/><line number="155" hits="0"/><line number="159" hits="0"/><line number="160" hits="0"/><line number="161" hits="0"/><line number="163" hits="0"/><line number="165" hits="0"/><line number="173" hits="4"/><line number="174" hits="4"/><line number="176" hits="8"/><line number="177" hits="0"/><line number="178" hits="0"/><line number="183" hits="8"/><line number="185" hits="14"/><line number="186" hits="12"/><line number="189" hits="14"/><line number="190" hits="12"/><line number="193" hits="4"/><line number="194" hits="0"/><line number="195" hits="0"/><line number="198" hits="14"/><line number="199" hits="15"/><line number="203" hits="12"/><line number="204" hits="12"/><line number="207" hits="12"/><line number="209" hits="4"/><line number="228" hits="21065"/><line number="235" hits="21065"/><line number="237" hits="63196"/><line number="238" hits="63192"/><line number="240" hits="63192"/><line number="241" hits="147448"/><line number="244" hits="63192"/><line number="245" hits="63192"/><line number="246" hits="21064"/><line number="248" hits="84256"/><line number="251" hits="42128"/><line number="252" hits="42128"/><line number="254" hits="42128"/><line number="256" hits="42128"/><line number="257" hits="42128"/><line number="259" hits="42128"/><line number="262" hits="84256"/><line number="264" hits="21064"/><line number="272" hits="20631"/><line number="273" hits="82524"/><line number="274" hits="4"/><line number="283" hits="5"/><line number="284" hits="5"/><line number="285" hits="10"/><line number="286" hits="5"/><line number="287" hits="10"/><line number="288" hits="5"/><line number="289" hits="0"/><line number="292" hits="10"/><line number="293" hits="10"/><line number="296" hits="15"/><line number="297" hits="15"/><line number="300" hits="20"/><line number="301" hits="10"/><line number="304" hits="20"/><line number="305" hits="10"/><line number="309" hits="15"/><line number="311" hits="5"/><line number="328" hits="66"/><line number="330" hits="198"/><line number="332" hits="132"/><line number="334" hits="66"/><line number="336" hits="162"/><line number="337" hits="166"/><line number="338" hits="232"/><line number="339" hits="116"/><line number="345" hits="25"/><line number="346" hits="29"/><line number="347" hits="44"/><line number="348" hits="22"/><line number="354" hits="3"/><line number="355" hits="3"/><line number="356" hits="4"/><line number="357" hits="2"/><line number="361" hits="3"/><line number="362" hits="3"/><line number="363" hits="4"/><line number="364" hits="2"/><line number="371" hits="132"/><line number="377" hits="130"/><line number="378" hits="390"/><line number="379" hits="390"/><line number="381" hits="260"/><line number="383" hits="390"/><line number="384" hits="406"/><line number="385" hits="414"/><line number="386" hits="268"/><line number="387" hits="260"/><line number="393" hits="130"/><line number="403" hits="3"/><line number="404" hits="3"/><line number="405" hits="12"/><line number="406" hits="12"/><line number="408" hits="30162"/><line number="409" hits="30159"/><line number="410" hits="50265"/><line number="412" hits="30159"/><line number="413" hits="30159"/><line number="414" hits="10053"/><line number="416" hits="30159"/><line number="417" hits="20106"/><line number="418" hits="10053"/><line number="421" hits="40212"/><line number="422" hits="30159"/><line number="425" hits="9"/><line number="426" hits="3"/><line number="428" hits="3"/><line number="438" hits="2"/><line number="442" hits="2"/><line number="444" hits="155"/><line number="445" hits="153"/><line number="446" hits="153"/><line number="449" hits="8"/><line number="450" hits="8"/><line number="452" hits="257"/><line number="453" hits="153"/><line number="454" hits="357"/><line number="456" hits="153"/><line number="457" hits="153"/><line number="458" hits="51"/><line number="460" hits="153"/><line number="461" hits="102"/><line number="462" hits="51"/><line number="466" hits="102"/><line number="467" hits="102"/><line number="469" hits="102"/><line number="471" hits="102"/><line number="472" hits="102"/><line number="474" hits="102"/><line number="476" hits="204"/><line number="477" hits="153"/><line number="480" hits="6"/><line number="482" hits="2"/><line number="486" hits="54"/><line number="487" hits="108"/><line number="491" hits="20"/><line number="492" hits="40"/><line number="498" hits="1"/><line number="500" hits="6"/><line number="501" hits="5"/><line number="502" hits="6"/><line number="506" hits="1"/><line number="507" hits="1"/><line number="510" hits="2"/><line number="512" hits="1"/><line number="537" hits="20"/><line number="538" hits="40"/><line number="544" hits="5"/><line number="545" hits="5"/><line number="546" hits="10"/><line number="547" hits="10"/><line number="548" hits="5"/><line number="549" hits="5"/><line number="553" hits="0"/><line number="554" hits="0"/><line number="559" hits="31339"/><line number="560" hits="62678"/><line number="561" hits="31339"/><line number="562" hits="31339"/><line number="565" hits="21115"/><line number="566" hits="42230"/><line number="567" hits="21115"/><line number="568" hits="21115"/><line number="571" hits="6"/><line number="572" hits="12"/><line number="573" hits="6"/><line number="574" hits="6"/><line number="577" hits="18"/><line number="578" hits="6"/><line number="580" hits="24"/><line number="582" hits="6"/><line number="585" hits="246"/><line number="586" hits="743"/><line number="587" hits="25"/><line number="588" hits="0"/><line number="591" hits="35"/><line number="592" hits="5"/><line number="595" hits="35"/><line number="596" hits="5"/><line number="600" hits="246"/><line number="603" hits="246"/><line number="605" hits="492"/><line number="608" hits="984"/><line number="609" hits="566"/><line number="610" hits="640"/><line number="611" hits="160"/><line number="612" hits="640"/><line number="616" hits="984"/><line number="617" hits="546"/><line number="618" hits="600"/><line number="619" hits="150"/><line number="621" hits="300"/><line number="622" hits="300"/><line number="624" hits="300"/><line number="626" hits="300"/><line number="627" hits="300"/><line number="629" hits="300"/><line number="631" hits="600"/><line number="634" hits="246"/><line number="650" hits="5"/><line number="656" hits="25"/><line number="670" hits="2"/><line number="676" hits="10"/><line number="685" hits="3"/><line number="686" hits="6"/><line number="698" hits="2"/><line number="704" hits="10"/><line number="713" hits="2"/><line number="714" hits="4"/><line number="715" hits="4"/><line number="719" hits="1"/><line number="720" hits="2"/><line number="721" hits="3"/><line number="728" hits="2"/><line number="729" hits="4"/><line number="730" hits="4"/><line number="734" hits="1"/><line number="739" hits="4"/><line number="746" hits="1"/><line number="747" hits="2"/><line number="748" hits="3"/><line number="755" hits="1"/><line number="756" hits="2"/><line number="757" hits="3"/><line number="761" hits="1"/><line number="766" hits="2"/><line number="767" hits="4"/><line number="774" hits="1"/><line number="775" hits="2"/><line number="776" hits="2"/><line number="780" hits="9"/><line number="781" hits="27"/><line number="783" hits="9"/><line number="784" hits="0"/><line number="785" hits="0"/><line number="786" hits="0"/><line number="791" hits="11"/><line number="792" hits="2"/><line number="793" hits="2"/><line number="797" hits="9"/></lines></class><class name="property" filename="crates/codegraph/src/graph/property.rs" line-rate="0.8688524590163934" branch-rate="0" complexity="0"><methods/><lines><line number="28" hits="3734"/><line number="29" hits="3734"/><line number="34" hits="61022"/><line number="35" hits="61022"/><line number="40" hits="50873"/><line number="41" hits="50873"/><line number="46" hits="2"/><line number="47" hits="2"/><line number="52" hits="2"/><line number="53" hits="2"/><line number="58" hits="40340"/><line number="59" hits="40340"/><line number="64" hits="46"/><line number="65" hits="46"/><line number="70" hits="2"/><line number="71" hits="2"/><line number="85" hits="52470"/><line number="87" hits="52470"/><line number="92" hits="156000"/><line number="93" hits="936000"/><line number="94" hits="156000"/><line number="98" hits="10"/><line number="99" hits="60"/><line number="103" hits="20113"/><line number="104" hits="60339"/><line number="108" hits="2"/><line number="109" hits="6"/><line number="113" hits="4"/><line number="114" hits="12"/><line number="118" hits="2"/><line number="119" hits="4"/><line number="123" hits="0"/><line number="124" hits="0"/><line number="128" hits="20237"/><line number="129" hits="40474"/><line number="133" hits="13595"/><line number="134" hits="40785"/><line number="135" hits="27176"/><line number="136" hits="7"/><line number="141" hits="172"/><line number="142" hits="516"/><line number="143" hits="340"/><line number="144" hits="2"/><line number="149" hits="1"/><line number="150" hits="3"/><line number="151" hits="2"/><line number="152" hits="0"/><line number="157" hits="2"/><line number="158" hits="6"/><line number="159" hits="4"/><line number="160" hits="0"/><line number="165" hits="3"/><line number="166" hits="9"/><line number="167" hits="6"/><line number="168" hits="0"/><line number="173" hits="2"/><line number="174" hits="6"/><line number="175" hits="4"/><line number="176" hits="0"/><line number="182" hits="0"/><line number="184" hits="0"/></lines></class><class name="types" filename="crates/codegraph/src/graph/types.rs" line-rate="0.30303030303030304" branch-rate="0" complexity="0"><methods/><lines><line number="34" hits="0"/><line number="35" hits="0"/><line number="36" hits="0"/><line number="37" hits="0"/><line number="38" hits="0"/><line number="39" hits="0"/><line number="40" hits="0"/><line number="41" hits="0"/><line number="42" hits="0"/><line number="43" hits="0"/><line number="76" hits="0"/><line number="77" hits="0"/><line number="78" hits="0"/><line number="79" hits="0"/><line number="80" hits="0"/><line number="81" hits="0"/><line number="82" hits="0"/><line number="83" hits="0"/><line number="84" hits="0"/><line number="85" hits="0"/><line number="86" hits="0"/><line number="87" hits="0"/><line number="88" hits="0"/><line number="119" hits="31342"/><line number="128" hits="3"/><line number="129" hits="12"/><line number="133" hits="3"/><line number="134" hits="9"/><line number="157" hits="21117"/><line number="174" hits="2"/><line number="175" hits="8"/><line number="179" hits="2"/><line number="180" hits="6"/></lines></class></classes></package><package name="crates/codegraph/tests/unit" line-rate="1" branch-rate="0" complexity="0"><classes><class name="algorithms_test" filename="crates/codegraph/tests/unit/algorithms_test.rs" line-rate="1" branch-rate="0" complexity="0"><methods/><lines><line number="17" hits="5"/><line number="18" hits="10"/><line number="20" hits="25"/><line number="21" hits="25"/><line number="22" hits="25"/><line number="23" hits="25"/><line number="25" hits="25"/><line number="26" hits="25"/><line number="27" hits="25"/><line number="29" hits="25"/><line number="33" hits="3"/><line number="34" hits="6"/><line number="36" hits="15"/><line number="37" hits="15"/><line number="38" hits="15"/><line number="40" hits="15"/><line number="41" hits="15"/><line number="42" hits="15"/><line number="44" hits="12"/></lines></class><class name="export_test" filename="crates/codegraph/tests/unit/export_test.rs" line-rate="1" branch-rate="0" complexity="0"><methods/><lines><line number="18" hits="8"/><line number="19" hits="24"/><line number="20" hits="24"/><line number="21" hits="24"/><line number="24" hits="40"/><line number="25" hits="40"/><line number="28" hits="8"/><line number="29" hits="8"/><line number="30" hits="8"/><line number="31" hits="16"/><line number="32" hits="8"/><line number="33" hits="8"/><line number="34" hits="8"/><line number="35" hits="8"/><line number="36" hits="8"/><line number="37" hits="8"/><line number="42" hits="8"/><line number="43" hits="8"/><line number="44" hits="8"/><line number="45" hits="16"/><line number="46" hits="8"/><line number="47" hits="8"/><line number="48" hits="8"/><line number="49" hits="8"/><line number="50" hits="8"/><line number="51" hits="8"/><line number="55" hits="32"/><line number="56" hits="48"/><line number="58" hits="8"/></lines></class></classes></package><package name="crates/codegraph-go/src" line-rate="0.7429906542056075" branch-rate="0" complexity="0"><classes><class name="extractor" filename="crates/codegraph-go/src/extractor.rs" line-rate="0.96875" branch-rate="0" complexity="0"><methods/><lines><line number="10" hits="30"/><line number="15" hits="60"/><line number="16" hits="60"/><line number="17" hits="30"/><line number="18" hits="60"/><line number="19" hits="30"/><line number="21" hits="180"/><line number="22" hits="0"/><line number="25" hits="90"/><line number="26" hits="60"/><line number="27" hits="2"/><line number="28" hits="6"/><line number="29" hits="2"/><line number="30" hits="2"/><line number="31" hits="2"/><line number="35" hits="112"/><line number="37" hits="56"/><line number="39" hits="84"/><line number="42" hits="56"/><line number="43" hits="56"/><line number="44" hits="84"/><line number="45" hits="84"/><line number="46" hits="112"/><line number="47" hits="28"/><line number="48" hits="28"/><line number="51" hits="140"/><line number="52" hits="84"/><line number="54" hits="56"/><line number="55" hits="56"/><line number="56" hits="56"/><line number="57" hits="56"/><line number="59" hits="28"/></lines></class><class name="mapper" filename="crates/codegraph-go/src/mapper.rs" line-rate="0.8597560975609756" branch-rate="0" complexity="0"><methods/><lines><line number="9" hits="27"/><line number="14" hits="81"/><line number="15" hits="54"/><line number="16" hits="54"/><line number="17" hits="54"/><line number="18" hits="54"/><line number="21" hits="73"/><line number="22" hits="38"/><line number="23" hits="57"/><line number="24" hits="57"/><line number="25" hits="57"/><line number="26" hits="57"
[...]
c/query.rs" line-rate="0.6950354609929078" branch-rate="0" complexity="0"><methods/><lines><line number="43" hits="20"/><line number="46" hits="40"/><line number="66" hits="20"/><line number="67" hits="20"/><line number="68" hits="40186"/><line number="69" hits="20"/><line number="75" hits="3"/><line number="76" hits="6"/><line number="77" hits="3"/><line number="89" hits="2"/><line number="90" hits="6"/><line number="91" hits="14"/><line number="92" hits="24"/><line number="93" hits="24"/><line number="95" hits="0"/><line number="98" hits="2"/><line number="104" hits="7"/><line number="105" hits="21"/><line number="106" hits="21"/><line number="108" hits="20031"/><line number="109" hits="60030"/><line number="110" hits="40020"/><line number="111" hits="60021"/><line number="112" hits="0"/><line number="113" hits="0"/><line number="114" hits="0"/><line number="116" hits="9"/><line number="117" hits="0"/><line number="120" hits="0"/><line number="123" hits="7"/><line number="127" hits="0"/><line number="128" hits="0"/><line number="129" hits="0"/><line number="130" hits="0"/><line number="131" hits="0"/><line number="135" hits="6"/><line number="136" hits="18"/><line number="137" hits="3368"/><line number="138" hits="10050"/><line number="139" hits="6700"/><line number="141" hits="0"/><line number="144" hits="6"/><line number="148" hits="0"/><line number="149" hits="0"/><line number="150" hits="0"/><line number="151" hits="0"/><line number="153" hits="0"/><line number="155" hits="0"/><line number="158" hits="0"/><line number="186" hits="1"/><line number="190" hits="3"/><line number="191" hits="1"/><line number="195" hits="2"/><line number="196" hits="2"/><line number="197" hits="2"/><line number="201" hits="15"/><line number="202" hits="30"/><line number="203" hits="45"/><line number="206" hits="48"/><line number="207" hits="9"/><line number="210" hits="24"/><line number="214" hits="20134"/><line number="215" hits="20120"/><line number="216" hits="1"/><line number="219" hits="30177"/><line number="220" hits="33541"/><line number="221" hits="6728"/><line number="226" hits="15"/><line number="230" hits="2"/><line number="231" hits="4"/><line number="234" hits="6"/><line number="235" hits="0"/><line number="238" hits="4"/><line number="241" hits="20012"/><line number="242" hits="30015"/><line number="243" hits="33352"/><line number="244" hits="3337"/><line number="249" hits="2"/><line number="253" hits="3"/><line number="255" hits="9"/><line number="256" hits="0"/><line number="259" hits="6"/><line number="262" hits="19"/><line number="263" hits="27"/><line number="264" hits="27"/><line number="265" hits="2"/><line number="270" hits="1"/><line number="274" hits="3"/><line number="276" hits="8"/><line number="277" hits="15"/><line number="278" hits="5"/><line number="279" hits="12"/><line number="280" hits="4"/><line number="282" hits="12"/><line number="290" hits="0"/><line number="294" hits="20073"/><line number="295" hits="127034"/><line number="302" hits="12"/><line number="304" hits="24"/><line number="305" hits="20"/><line number="306" hits="4"/><line number="307" hits="8"/><line number="308" hits="12"/><line number="311" hits="4"/><line number="312" hits="0"/><line number="316" hits="8"/><line number="318" hits="8"/><line number="319" hits="8"/><line number="320" hits="12"/><line number="322" hits="0"/><line number="327" hits="0"/><line number="328" hits="0"/><line number="330" hits="0"/><line number="335" hits="40"/><line number="336" hits="8"/><line number="338" hits="0"/><line number="342" hits="16"/><line number="343" hits="46"/><line number="344" hits="30"/><line number="346" hits="4"/><line number="349" hits="11"/><line number="351" hits="8"/><line number="352" hits="1"/><line number="354" hits="3"/><line number="355" hits="14"/><line number="357" hits="21"/><line number="360" hits="0"/><line number="361" hits="0"/><line number="363" hits="0"/><line number="368" hits="0"/><line number="374" hits="0"/><line number="375" hits="0"/><line number="376" hits="0"/><line number="378" hits="0"/><line number="380" hits="0"/><line number="381" hits="0"/><line number="382" hits="0"/><line number="383" hits="0"/><line number="384" hits="0"/><line number="385" hits="0"/><line number="387" hits="0"/></lines></class></classes></package><package name="crates/codegraph/examples" line-rate="0" branch-rate="0" complexity="0"><classes></classes></package><package name="crates/codegraph-typescript/src" line-rate="0.804" branch-rate="0" complexity="0"><classes><class name="extractor" filename="crates/codegraph-typescript/src/extractor.rs" line-rate="0.9743589743589743" branch-rate="0" complexity="0"><methods/><lines><line number="10" hits="37"/><line number="16" hits="74"/><line number="19" hits="74"/><line number="21" hits="109"/><line number="22" hits="105"/><line number="25" hits="74"/><line number="26" hits="6"/><line number="28" hits="31"/><line number="31" hits="37"/><line number="32" hits="74"/><line number="33" hits="37"/><line number="36" hits="222"/><line number="37" hits="0"/><line number="41" hits="111"/><line number="42" hits="74"/><line number="43" hits="2"/><line number="44" hits="6"/><line number="45" hits="2"/><line number="46" hits="2"/><line number="47" hits="2"/><line number="52" hits="140"/><line number="55" hits="70"/><line number="57" hits="105"/><line number="62" hits="105"/><line number="63" hits="105"/><line number="64" hits="105"/><line number="65" hits="140"/><line number="67" hits="35"/><line number="70" hits="70"/><line number="73" hits="175"/><line number="74" hits="105"/><line number="77" hits="70"/><line number="78" hits="70"/><line number="79" hits="70"/><line number="80" hits="70"/><line number="81" hits="70"/><line number="82" hits="70"/><line number="83" hits="70"/><line number="85" hits="35"/></lines></class><class name="mapper" filename="crates/codegraph-typescript/src/mapper.rs" line-rate="0.9635036496350365" branch-rate="0" complexity="0"><methods/><lines><line number="10" hits="31"/><line number="15" hits="93"/><line number="16" hits="62"/><line number="17" hits="62"/><line number="18" hits="62"/><line number="19" hits="62"/><line number="22" hits="84"/><line number="23" hits="44"/><line number="24" hits="66"/><line number="25" hits="66"/><line number="26" hits="66"/><line number="27" hits="44"/><line number="29" hits="22"/><line number="30" hits="0"/><line number="33" hits="44"/><line number="34" hits="66"/><line number="35" hits="22"/><line number="36" hits="110"/><line number="37" hits="22"/><line number="39" hits="18"/><line number="41" hits="27"/><line number="44" hits="18"/><line number="45" hits="27"/><line number="46" hits="27"/><line number="49" hits="18"/><line number="50" hits="27"/><line number="51" hits="9"/><line number="52" hits="36"/><line number="53" hits="9"/><line number="57" hits="85"/><line number="58" hits="54"/><line number="59" hits="81"/><line number="60" hits="81"/><line number="61" hits="54"/><line number="62" hits="54"/><line number="63" hits="54"/><line number="65" hits="54"/><line number="66" hits="81"/><line number="67" hits="27"/><line number="69" hits="135"/><line number="70" hits="81"/><line number="73" hits="39"/><line number="74" hits="24"/><line number="75" hits="0"/><line number="76" hits="0"/><line number="77" hits="0"/><line number="79" hits="12"/><line number="80" hits="60"/><line number="81" hits="12"/><line number="84" hits="15"/><line number="85" hits="75"/><line number="86" hits="15"/><line number="91" hits="53"/><line number="92" hits="22"/><line number="93" hits="33"/><line number="94" hits="22"/><line number="95" hits="22"/><line number="97" hits="22"/><line number="98" hits="33"/><line number="99" hits="11"/><line number="101" hits="55"/><line number="102" hits="33"/><line number="104" hits="11"/><line number="105" hits="55"/><line number="106" hits="11"/><line number="110" hits="47"/><line number="111" hits="16"/><line number="112" hits="24"/><line number="113" hits="16"/><line number="114" hits="16"/><line number="116" hits="16"/><line number="117" hits="24"/><line number="118" hits="8"/><line number="120" hits="40"/><line number="121" hits="24"/><line number="123" hits="8"/><line number="124" hits="40"/><line number="125" hits="8"/><line number="129" hits="51"/><line number="130" hits="20"/><line number="133" hits="30"/><line number="134" hits="0"/><line number="136" hits="20"/><line number="137" hits="30"/><line number="140" hits="20"/><line number="141" hits="30"/><line number="142" hits="10"/><line number="143" hits="50"/><line number="144" hits="10"/><line number="147" hits="30"/><line number="150" hits="20"/><line number="151" hits="12"/><line number="152" hits="4"/><line number="154" hits="11"/><line number="155" hits="2"/><line number="157" hits="18"/><line number="158" hits="40"/><line number="161" hits="10"/><line number="162" hits="50"/><line number="163" hits="10"/><line number="167" hits="55"/><line number="168" hits="6"/><line number="169" hits="72"/><line number="171" hits="6"/><line number="172" hits="9"/><line number="173" hits="9"/><line number="175" hits="3"/><line number="176" hits="15"/><line number="177" hits="3"/><line number="182" hits="33"/><line number="183" hits="2"/><line number="184" hits="3"/><line number="185" hits="3"/><line number="187" hits="5"/><line number="189" hits="1"/><line number="190" hits="5"/><line number="191" hits="1"/><line number="196" hits="33"/><line number="197" hits="2"/><line number="198" hits="3"/><line number="199" hits="3"/><line number="201" hits="1"/><line number="203" hits="1"/><line number="204" hits="1"/><line number="205" hits="1"/><line number="206" hits="1"/><line number="208" hits="1"/><line number="212" hits="31"/><line number="213" hits="93"/><line number="214" hits="62"/><line number="215" hits="62"/><line number="216" hits="62"/><line number="217" hits="31"/><line number="218" hits="31"/><line number="219" hits="31"/><line number="220" hits="31"/><line number="221" hits="31"/></lines></class><class name="parser_impl" filename="crates/codegraph-typescript/src/parser_impl.rs" line-rate="0.3565217391304348" branch-rate="0" complexity="0"><methods/><lines><line number="23" hits="26"/><line number="25" hits="52"/><line number="26" hits="26"/><line number="31" hits="0"/><line number="34" hits="0"/><line number="39" hits="1"/><line number="46" hits="4"/><line number="47" hits="1"/><line number="48" hits="2"/><line number="49" hits="1"/><line number="51" hits="0"/><line number="53" hits="1"/><line number="54" hits="1"/><line number="55" hits="1"/><line number="59" hits="21"/><line number="65" hits="84"/><line number="70" hits="0"/><line number="71" hits="0"/><line number="76" hits="2"/><line number="77" hits="2"/><line number="80" hits="11"/><line number="81" hits="11"/><line number="84" hits="1"/><line number="85" hits="2"/><line number="88" hits="1"/><line number="89" hits="3"/><line number="91" hits="1"/><line number="92" hits="0"/><line number="93" hits="0"/><line number="94" hits="0"/><line number="99" hits="1"/><line number="100" hits="3"/><line number="103" hits="6"/><line number="106" hits="3"/><line number="107" hits="3"/><line number="108" hits="4"/><line number="110" hits="0"/><line number="113" hits="1"/><line number="116" hits="22"/><line number="122" hits="44"/><line number="125" hits="110"/><line number="128" hits="126"/><line number="131" hits="21"/><line number="132" hits="42"/><line number="133" hits="21"/><line number="135" hits="21"/><line number="138" hits="0"/><line number="139" hits="0"/><line number="142" hits="2"/><line number="143" hits="4"/><line number="146" hits="1"/><line number="147" hits="2"/><line number="150" hits="0"/><line number="155" hits="0"/><line number="156" hits="0"/><line number="158" hits="0"/><line number="165" hits="0"/><line number="170" hits="0"/><line number="171" hits="0"/><line number="172" hits="0"/><line number="173" hits="0"/><line number="174" hits="0"/><line number="176" hits="0"/><line number="177" hits="0"/><line number="178" hits="0"/><line number="179" hits="0"/><line number="180" hits="0"/><line number="181" hits="0"/><line number="182" hits="0"/><line number="184" hits="0"/><line number="185" hits="0"/><line number="190" hits="0"/><line number="191" hits="0"/><line number="192" hits="0"/><line number="193" hits="0"/><line number="194" hits="0"/><line number="195" hits="0"/><line number="200" hits="0"/><line number="207" hits="0"/><line number="210" hits="0"/><line number="211" hits="0"/><line number="212" hits="0"/><line number="214" hits="0"/><line number="215" hits="0"/><line number="218" hits="0"/><line number="219" hits="0"/><line number="223" hits="0"/><line number="224" hits="0"/><line number="225" hits="0"/><line number="226" hits="0"/><line number="227" hits="0"/><line number="228" hits="0"/><line number="229" hits="0"/><line number="230" hits="0"/><line number="233" hits="0"/><line number="236" hits="0"/><line number="237" hits="0"/><line number="238" hits="0"/><line number="239" hits="0"/><line number="240" hits="0"/><line number="242" hits="0"/><line number="243" hits="0"/><line number="244" hits="0"/><line number="245" hits="0"/><line number="246" hits="0"/><line number="247" hits="0"/><line number="248" hits="0"/><line number="250" hits="0"/><line number="251" hits="0"/><line number="256" hits="0"/><line number="257" hits="0"/><line number="258" hits="0"/><line number="259" hits="0"/><line number="260" hits="0"/><line number="261" hits="0"/></lines></class><class name="visitor" filename="crates/codegraph-typescript/src/visitor.rs" line-rate="0.9138755980861244" branch-rate="0" complexity="0"><methods/><lines><line number="26" hits="54"/><line number="30" hits="108"/><line number="31" hits="108"/><line number="32" hits="108"/><line number="33" hits="108"/><line number="34" hits="108"/><line number="35" hits="108"/><line number="36" hits="108"/><line number="43" hits="280"/><line number="44" hits="1400"/><line number="48" hits="1184"/><line number="49" hits="1184"/><line number="51" hits="1205"/><line number="52" hits="42"/><line number="54" hits="1169"/><line number="55" hits="12"/><line number="57" hits="1183"/><line number="58" hits="52"/><line number="60" hits="1148"/><line number="61" hits="34"/><line number="63" hits="1124"/><line number="64" hits="20"/><line number="66" hits="1124"/><line number="67" hits="40"/><line number="69" hits="1084"/><line number="70" hits="75"/><line number="72" hits="75"/><line number="73" hits="175"/><line number="74" hits="100"/><line number="77" hits="0"/><line number="79" hits="3177"/><line number="80" hits="4889"/><line number="81" hits="1712"/><line number="87" hits="21"/><line number="89" hits="42"/><line number="91" hits="84"/><line number="92" hits="21"/><line number="95" hits="63"/><line number="96" hits="63"/><line number="98" hits="0"/><line number="102" hits="63"/><line number="105" hits="63"/><line number="106" hits="84"/><line number="112" hits="63"/><line number="113" hits="42"/><line number="114" hits="42"/><line number="122" hits="42"/><line number="123" hits="21"/><line number="126" hits="63"/><line number="129" hits="63"/><line number="130" hits="42"/><line number="133" hits="42"/><line number="134" hits="63"/><line number="135" hits="195"/><line number="136" hits="132"/><line number="140" hits="42"/><line number="143" hits="6"/><line number="145" hits="18"/><line number="146" hits="18"/><line number="147" hits="18"/><line number="148" hits="12"/><line number="149" hits="12"/><line number="154" hits="12"/><line number="157" hits="6"/><line number="161" hits="18"/><line number="164" hits="26"/><line number="166" hits="52"/><line number="168" hits="104"/><line number="169" hits="26"/><line number="172" hits="78"/><line number="173" hits="78"/><line number="175" hits="0"/><line number="179" hits="104"/><line number="180" hits="52"/><line number="181" hits="52"/><line number="184" hits="52"/><line number="185" hits="0"/><line number="187" hits="52"/><line number="191" hits="78"/><line number="192" hits="130"/><line number="194" hits="52"/><line number="195" hits="52"/><line number="203" hits="52"/><line number="204" hits="26"/><line number="207" hits="78"/><line number="210" hits="78"/><line number="211" hits="52"/><line number="214" hits="52"/><line number="215" hits="78"/><line number="216" hits="242"/><line number="217" hits="164"/><line number="221" hits="52"/><line number="224" hits="17"/><line number="225" hits="34"/><line number="227" hits="68"/><line number="228" hits="17"/><line number="231" hits="51"/><line number="232" hits="34"/><line number="235" hits="51"/><line number="236" hits="51"/><line number="237" hits="34"/><line number="238" hits="34"/><line number="241" hits="34"/><line number="242" hits="34"/><line number="243" hits="34"/><line number="244" hits="34"/><line number="246" hits="17"/><line number="247" hits="17"/><line number="250" hits="51"/><line number="253" hits="51"/><line number="254" hits="108"/><line number="255" hits="57"/><line number="256" hits="51"/><line number="257" hits="205"/><line number="258" hits="154"/><line number="264" hits="34"/><line number="267" hits="10"/><line number="268" hits="20"/><line number="270" hits="40"/><line number="271" hits="10"/><line number="275" hits="30"/><line number="276" hits="20"/><line number="277" hits="20"/><line number="278" hits="20"/><line number="279" hits="20"/><line number="281" hits="10"/><line number="284" hits="30"/><line number="287" hits="20"/><line number="289" hits="40"/><line number="291" hits="40"/><line number="292" hits="80"/><line number="294" hits="220"/><line number="298" hits="40"/><line number="299" hits="40"/><line number="300" hits="40"/><line number="303" hits="60"/><line number="304" hits="159"/><line number="305" hits="99"/><line number="307" hits="57"/><line number="308" hits="80"/><line number="309" hits="23"/><line number="311" hits="32"/><line number="312" hits="36"/><line number="315" hits="24"/><line number="316" hits="40"/><line number="319" hits="4"/><line number="320" hits="2"/><line number="322" hits="6"/><line number="323" hits="12"/><line number="324" hits="8"/><line number="325" hits="6"/><line number="329" hits="2"/><line number="336" hits="60"/><line number="343" hits="60"/><line number="346" hits="10"/><line number="347" hits="20"/><line number="348" hits="30"/><line number="350" hits="66"/><line number="351" hits="36"/><line number="353" hits="39"/><line number="354" hits="52"/><line number="355" hits="13"/><line number="356" hits="65"/><line number="357" hits="13"/><line number="363" hits="10"/><line number="366" hits="47"/><line number="367" hits="94"/><line number="368" hits="141"/><line number="370" hits="286"/><line number="371" hits="252"/><line number="372" hits="76"/><line number="374" hits="152"/><line number="375" hits="38"/><line number="377" hits="245"/><line number="379" hits="114"/><line number="380" hits="76"/><line number="381" hits="38"/><line number="382" hits="38"/><line number="383" hits="38"/><line number="388" hits="47"/><line number="392" hits="25"/><line number="394" hits="50"/><line number="395" hits="75"/><line number="396" hits="0"/><line number="401" hits="50"/><line number="402" hits="100"/><line number="405" hits="75"/><line number="406" hits="0"/><line number="409" hits="50"/><line number="412" hits="75"/><line number="418" hits="75"/><line number="423" hits="25"/><line number="424" hits="25"/><line number="426" hits="46"/><line number="429" hits="18"/><line number="431" hits="36"/><line number="432" hits="54"/><line number="434" hits="0"/><line number="439" hits="0"/><line number="441" hits="0"/><line number="442" hits="0"/><line number="444" hits="0"/><line number="449" hits="0"/><line number="450" hits="0"/><line number="451" hits="0"/><line number="452" hits="0"/><line number="453" hits="0"/><line number="456" hits="0"/><line number="459" hits="0"/></lines></class></classes></package></packages></coverage>