<?xml version="1.0"?><coverage lines-covered="3946" lines-valid="4969" line-rate="0.7941235661098812" branches-covered="0" branches-valid="0" branch-rate="0" complexity="0" version="1.9" timestamp="1765779724"><sources><source>/Users/anvanster/projects/codegraph-monorepo</source></sources><packages><package name="crates/codegraph-rust/tests" line-rate="0" branch-rate="0" complexity="0"><classes></classes></package><package name="crates/codegraph-parser-api/src/entities" line-rate="0.3933333333333333" branch-rate="0" complexity="0"><classes><class name="class" filename="crates/codegraph-parser-api/src/entities/class.rs" line-rate="0.2631578947368421" branch-rate="0" complexity="0"><methods/><lines><line number="27" hits="0"/><line number="29" hits="0"/><line number="31" hits="0"/><line number="38" hits="0"/><line number="39" hits="0"/><line number="40" hits="0"/><line number="43" hits="0"/><line number="44" hits="0"/><line number="45" hits="0"/><line number="48" hits="0"/><line number="49" hits="0"/><line number="50" hits="0"/><line number="53" hits="0"/><line number="54" hits="0"/><line number="55" hits="0"/><line number="58" hits="0"/><line number="59" hits="0"/><line number="60" hits="0"/><line number="108" hits="180"/><line number="110" hits="540"/><line number="111" hits="540"/><line number="116" hits="360"/><line number="117" hits="360"/><line number="118" hits="360"/><line number="119" hits="360"/><line number="121" hits="180"/><line number="122" hits="180"/><line number="126" hits="1"/><line number="127" hits="3"/><line number="128" hits="1"/><line number="131" hits="0"/><line number="132" hits="0"/><line number="133" hits="0"/><line number="136" hits="0"/><line number="137" hits="0"/><line number="138" hits="0"/><line number="141" hits="0"/><line number="142" hits="0"/><line number="143" hits="0"/><line number="146" hits="0"/><line number="147" hits="0"/><line number="148" hits="0"/><line number="151" hits="0"/><line number="152" hits="0"/><line number="153" hits="0"/><line number="156" hits="0"/><line number="157" hits="0"/><line number="158" hits="0"/><line number="161" hits="1"/><line number="162" hits="2"/><line number="163" hits="1"/><line number="166" hits="0"/><line number="167" hits="0"/><line number="168" hits="0"/><line number="171" hits="0"/><line number="172" hits="0"/><line number="173" hits="0"/></lines></class><class name="function" filename="crates/codegraph-parser-api/src/entities/function.rs" line-rate="0.3620689655172414" branch-rate="0" complexity="0"><methods/><lines><line number="21" hits="0"/><line number="23" hits="0"/><line number="30" hits="0"/><line number="31" hits="0"/><line number="32" hits="0"/><line number="35" hits="0"/><line number="36" hits="0"/><line number="37" hits="0"/><line number="40" hits="0"/><line number="41" hits="0"/><line number="42" hits="0"/><line number="96" hits="413"/><line number="97" hits="1239"/><line number="99" hits="1239"/><line number="101" hits="1239"/><line number="108" hits="826"/><line number="111" hits="826"/><line number="118" hits="4"/><line number="119" hits="12"/><line number="120" hits="4"/><line number="123" hits="4"/><line number="124" hits="12"/><line number="125" hits="4"/><line number="128" hits="7"/><line number="129" hits="7"/><line number="130" hits="7"/><line number="133" hits="1"/><line number="134" hits="1"/><line number="135" hits="1"/><line number="138" hits="0"/><line number="139" hits="0"/><line number="140" hits="0"/><line number="143" hits="0"/><line number="144" hits="0"/><line number="145" hits="0"/><line number="148" hits="0"/><line number="149" hits="0"/><line number="150" hits="0"/><line number="153" hits="0"/><line number="154" hits="0"/><line number="155" hits="0"/><line number="158" hits="0"/><line number="159" hits="0"/><line number="160" hits="0"/><line number="163" hits="0"/><line number="164" hits="0"/><line number="165" hits="0"/><line number="168" hits="0"/><line number="169" hits="0"/><line number="170" hits="0"/><line number="173" hits="391"/><line number="174" hits="391"/><line number="175" hits="391"/><line number="179" hits="0"/><line number="180" hits="0"/><line number="182" hits="0"/><line number="187" hits="0"/><line number="188" hits="0"/></lines></class><class name="module" filename="crates/codegraph-parser-api/src/entities/module.rs" line-rate="0.7857142857142857" branch-rate="0" complexity="0"><methods/><lines><line number="26" hits="130"/><line number="32" hits="390"/><line number="33" hits="390"/><line number="34" hits="390"/><line number="37" hits="130"/><line number="41" hits="124"/><line number="42" hits="124"/><line number="43" hits="124"/><line number="46" hits="1"/><line number="47" hits="2"/><line number="48" hits="1"/><line number="51" hits="0"/><line number="52" hits="0"/><line number="53" hits="0"/></lines></class><class name="trait_" filename="crates/codegraph-parser-api/src/entities/trait_.rs" line-rate="0.5714285714285714" branch-rate="0" complexity="0"><methods/><lines><line number="33" hits="9"/><line number="35" hits="27"/><line number="36" hits="27"/><line number="39" hits="18"/><line number="40" hits="18"/><line number="42" hits="9"/><line number="46" hits="1"/><line number="47" hits="3"/><line number="48" hits="1"/><line number="51" hits="0"/><line number="52" hits="0"/><line number="53" hits="0"/><line number="56" hits="0"/><line number="57" hits="0"/><line number="58" hits="0"/><line number="61" hits="1"/><line number="62" hits="2"/><line number="63" hits="1"/><line number="66" hits="0"/><line number="67" hits="0"/><line number="68" hits="0"/></lines></class></classes></package><package name="crates/codegraph-parser-api/src" line-rate="0.5785340314136126" branch-rate="0" complexity="0"><classes><class name="complexity" filename="crates/codegraph-parser-api/src/complexity.rs" line-rate="0.6417910447761194" branch-rate="0" complexity="0"><methods/><lines><line number="45" hits="503"/><line number="55" hits="502"/><line number="56" hits="502"/><line number="57" hits="502"/><line number="67" hits="85"/><line number="68" hits="85"/><line number="69" hits="164"/><line number="70" hits="8"/><line number="71" hits="6"/><line number="72" hits="3"/><line number="73" hits="1"/><line number="78" hits="2"/><line number="79" hits="2"/><line number="83" hits="2"/><line number="84" hits="2"/><line number="88" hits="0"/><line number="89" hits="0"/><line number="90" hits="0"/><line number="91" hits="0"/><line number="92" hits="0"/><line number="93" hits="0"/><line number="99" hits="1"/><line number="100" hits="1"/><line number="101" hits="1"/><line number="104" hits="1"/><line number="105" hits="1"/><line number="106" hits="1"/><line number="109" hits="1"/><line number="110" hits="1"/><line number="111" hits="1"/><line number="114" hits="0"/><line number="115" hits="0"/><line number="116" hits="0"/><line number="119" hits="0"/><line number="120" hits="0"/><line number="121" hits="0"/><line number="124" hits="0"/><line number="125" hits="0"/><line number="126" hits="0"/><line number="130" hits="0"/><line number="131" hits="0"/><line number="132" hits="0"/><line number="144" hits="501"/><line number="146" hits="501"/><line number="152" hits="54"/><line number="153" hits="54"/><line number="157" hits="17"/><line number="158" hits="17"/><line number="162" hits="6"/><line number="163" hits="6"/><line number="167" hits="3"/><line number="168" hits="3"/><line number="172" hits="0"/><line number="173" hits="0"/><line number="177" hits="56"/><line number="178" hits="56"/><line number="179" hits="96"/><line number="180" hits="40"/><line number="185" hits="56"/><line number="186" hits="56"/><line number="190" hits="0"/><line number="191" hits="0"/><line number="195" hits="501"/><line number="196" hits="1002"/><line number="197" hits="501"/><line number="201" hits="0"/><line number="202" hits="0"/></lines></class><class name="config" filename="crates/codegraph-parser-api/src/config.rs" line-rate="0.3333333333333333" branch-rate="0" complexity="0"><methods/><lines><line number="39" hits="0"/><line number="43" hits="0"/><line number="44" hits="0"/><line number="45" hits="0"/><line number="49" hits="0"/><line number="53" hits="0"/><line number="54" hits="0"/><line number="59" hits="297"/><line number="63" hits="594"/><line number="64" hits="297"/><line number="75" hits="0"/><line number="85" hits="0"/><line number="96" hits="0"/><line number="97" hits="0"/><line number="98" hits="0"/><line number="102" hits="3"/><line number="103" hits="3"/><line number="104" hits="3"/></lines></class><class name="ir" filename="crates/codegraph-parser-api/src/ir.rs" line-rate="1" branch-rate="0" complexity="0"><methods/><lines><line number="44" hits="296"/><line number="52" hits="81"/><line number="53" hits="324"/><line number="54" hits="162"/><line number="55" hits="81"/><line number="56" hits="243"/><line number="60" hits="79"/><line number="61" hits="395"/><line number="65" hits="129"/><line number="66" hits="258"/><line number="70" hits="218"/><line number="71" hits="654"/><line number="75" hits="179"/><line number="76" hits="537"/><line number="80" hits="8"/><line number="81" hits="24"/><line number="85" hits="88"/><line number="86" hits="264"/><line number="90" hits="57"/><line number="91" hits="171"/><line number="95" hits="18"/><line number="96" hits="54"/><line number="100" hits="5"/><line number="101" hits="15"/></lines></class><class name="metrics" filename="crates/codegraph-parser-api/src/metrics.rs" line-rate="0.13333333333333333" branch-rate="0" complexity="0"><methods/><lines><line number="35" hits="0"/><line number="39" hits="0"/><line number="42" hits="0"/><line number="46" hits="0"/><line number="47" hits="0"/><line number="52" hits="177"/><line number="67" hits="1"/><line number="68" hits="1"/><line number="69" hits="0"/><line number="71" hits="1"/><line number="76" hits="0"/><line number="77" hits="0"/><line number="78" hits="0"/><line number="80" hits="0"/><line number="85" hits="0"/><line number="86" hits="0"/><line number="87" hits="0"/><line number="89" hits="0"/><line number="94" hits="0"/><line number="95" hits="0"/><line number="96" hits="0"/><line number="97" hits="0"/><line number="98" hits="0"/><line number="99" hits="0"/><line number="100" hits="0"/><line number="103" hits="0"/><line number="104" hits="0"/><line number="105" hits="0"/><line number="106" hits="0"/><line number="107" hits="0"/></lines></class><class name="traits" filename="crates/codegraph-parser-api/src/traits.rs" line-rate="0.8769230769230769" branch-rate="0" complexity="0"><methods/><lines><line number="44" hits="0"/><line number="48" hits="0"/><line number="51" hits="0"/><line number="55" hits="0"/><line number="56" hits="0"/><line number="62" hits="3"/><line number="63" hits="12"/><line number="89" hits="2"/><line number="90" hits="6"/><line number="94" hits="1"/><line number="95" hits="1"/><line number="96" hits="0"/><line number="98" hits="2"/><line number="103" hits="1"/><line number="104" hits="2"/><line number="105" hits="0"/><line number="107" hits="2"/><line number="199" hits="11"/><line number="204" hits="22"/><line number="205" hits="22"/><line number="206" hits="22"/><line number="207" hits="22"/><line number="208" hits="22"/><line number="210" hits="79"/><line number="211" hits="102"/><line number="212" hits="64"/><line number="213" hits="64"/><line number="214" hits="64"/><line number="215" hits="64"/><line number="216" hits="64"/><line number="218" hits="4"/><line number="219" hits="10"/><line number="224" hits="11"/><line number="225" hits="22"/><line number="226" hits="22"/><line number="227" hits="22"/><line number="228" hits="11"/><line number="229" hits="11"/><line number="238" hits="8"/><line number="243" hits="32"/><line number="244" hits="32"/><line number="251" hits="8"/><line number="254" hits="16"/><line number="255" hits="24"/><line number="257" hits="13"/><line number="262" hits="13"/><line number="263" hits="0"/><line number="266" hits="32"/><line number="267" hits="39"/><line number="269" hits="96"/><line number="270" hits="96"/><line number="272" hits="32"/><line number="273" hits="20"/><line number="274" hits="54"/><line number="275" hits="135"/><line number="276" hits="108"/><line number="277" hits="54"/><line number="282" hits="13"/><line number="285" hits="32"/><line number="286" hits="8"/><line number="292" hits="79"/><line number="293" hits="157"/><line number="294" hits="390"/><line number="295" hits="234"/><line number="297" hits="1"/></lines></class></classes></package><package name="crates/codegraph-python/benches" line-rate="0" branch-rate="0" complexity="0"><classes></classes></package><package name="crates/codegraph-rust/src" line-rate="0.7727272727272727" branch-rate="0" complexity="0"><classes><class name="extractor" filename="crates/codegraph-rust/src/extractor.rs" line-rate="1" branch-rate="0" complexity="0"><methods/><lines><line number="21" hits="37"/><line number="27" hits="105"/><line number="28" hits="67"/><line number="31" hits="124"/><line number="34" hits="62"/><line number="36" hits="93"/><line number="41" hits="93"/><line number="42" hits="93"/><line number="43" hits="93"/><line number="44" hits="124"/><line number="45" hits="62"/><line number="46" hits="31"/><line number="49" hits="62"/><line number="52" hits="124"/><line number="53" hits="93"/><line number="56" hits="62"/><line number="57" hits="62"/><line number="58" hits="62"/><line number="59" hits="62"/><line number="60" hits="62"/><line number="61" hits="62"/><line number="62" hits="62"/><line number="64" hits="31"/><line number="68" hits="31"/><line number="70" hits="33"/><line number="71" hits="6"/><line number="72" hits="4"/><line number="73" hits="4"/><line number="74" hits="4"/><line number="75" hits="2"/><line number="81" hits="29"/></lines></class><class name="mapper" filename="crates/codegraph-rust/src/mapper.rs" line-rate="0.8553459119496856" branch-rate="0" complexity="0"><methods/><lines><line number="13" hits="29"/><line number="18" hits="87"/><line number="19" hits="58"/><line number="20" hits="58"/><line number="21" hits="58"/><line number="22" hits="58"/><line number="25" hits="78"/><line number="26" hits="40"/><line number="27" hits="60"/><line number="28" hits="60"/><line number="29" hits="60"/><line number="30" hits="60"/><line number="32" hits="24"/><line number="33" hits="8"/><line number="36" hits="40"/><line number="37" hits="60"/><line number="38" hits="20"/><line number="39" hits="100"/><line number="40" hits="20"/><line number="43" hits="18"/><line number="45" hits="27"/><line number="48" hits="18"/><line number="49" hits="27"/><line number="50" hits="27"/><line number="53" hits="18"/><line number="54" hits="27"/><line number="55" hits="9"/><line number="56" hits="36"/><line number="57" hits="9"/><line number="61" hits="67"/><line number="62" hits="38"/><line number="63" hits="57"/><line number="64" hits="57"/><line number="65" hits="57"/><line number="66" hits="57"/><line number="67" hits="57"/><line number="68" hits="38"/><line number="69" hits="38"/><line number="70" hits="38"/><line number="72" hits="23"/><line number="73" hits="8"/><line number="75" hits="35"/><line number="76" hits="32"/><line number="79" hits="38"/><line number="80" hits="57"/><line number="81" hits="19"/><line number="83" hits="95"/><line number="84" hits="57"/><line number="87" hits="25"/><line number="89" hits="12"/><line number="90" hits="0"/><line number="91" hits="0"/><line number="92" hits="0"/><line number="95" hits="6"/><line number="96" hits="30"/><line number="97" hits="6"/><line number="101" hits="13"/><line number="102" hits="65"/><line number="103" hits="13"/><line number="108" hits="49"/><line number="109" hits="20"/><line number="110" hits="30"/><line number="111" hits="30"/><line number="112" hits="30"/><line number="113" hits="30"/><line number="114" hits="30"/><line number="115" hits="30"/><line number="117" hits="12"/><line number="118" hits="4"/><line number="121" hits="11"/><line number="122" hits="5"/><line number="125" hits="20"/><line number="126" hits="30"/><line number="127" hits="10"/><line number="129" hits="50"/><line number="130" hits="30"/><line number="133" hits="10"/><line number="134" hits="50"/><line number="135" hits="10"/><line number="139" hits="37"/><line number="140" hits="8"/><line number="141" hits="12"/><line number="142" hits="12"/><line number="143" hits="12"/><line number="144" hits="12"/><line number="146" hits="4"/><line number="147" hits="0"/><line number="150" hits="8"/><line number="151" hits="12"/><line number="152" hits="4"/><line number="154" hits="20"/><line number="155" hits="12"/><line number="158" hits="4"/><line number="159" hits="20"/><line number="160" hits="4"/><line number="163" hits="4"/><line number="164" hits="0"/><line number="165" hits="0"/><line number="166" hits="0"/><line number="167" hits="0"/><line number="173" hits="43"/><line number="174" hits="14"/><line number="177" hits="21"/><line number="178" hits="0"/><line number="181" hits="14"/><line number="182" hits="7"/><line number="183" hits="7"/><line number="185" hits="14"/><line number="186" hits="21"/><line number="187" hits="21"/><line number="189" hits="14"/><line number="190" hits="21"/><line number="191" hits="7"/><line number="192" hits="35"/><line number="193" hits="7"/><line number="196" hits="21"/><line number="199" hits="14"/><line number="200" hits="7"/><line number="201" hits="0"/><line number="203" hits="7"/><line number="204" hits="0"/><line number="206" hits="7"/><line number="207" hits="0"/><line number="210" hits="7"/><line number="211" hits="35"/><line number="212" hits="7"/><line number="216" hits="29"/><line number="217" hits="0"/><line number="218" hits="0"/><line number="220" hits="0"/><line number="221" hits="0"/><line number="222" hits="0"/><line number="227" hits="35"/><line number="228" hits="4"/><line number="229" hits="9"/><line number="230" hits="9"/><line number="232" hits="2"/><line number="234" hits="2"/><line number="235" hits="2"/><line number="236" hits="2"/><line number="237" hits="2"/><line number="239" hits="2"/><line number="244" hits="29"/><line number="245" hits="0"/><line number="246" hits="0"/><line number="247" hits="0"/><line number="249" hits="0"/><line number="250" hits="0"/><line number="251" hits="0"/><line number="255" hits="29"/><line number="256" hits="87"/><line number="257" hits="58"/><line number="258" hits="58"/><line number="259" hits="58"/><line number="260" hits="29"/><line number="261" hits="29"/><line number="262" hits="29"/><line number="263" hits="29"/><line number="264" hits="29"/></lines></class><class name="parser_impl" filename="crates/codegraph-rust/src/parser_impl.rs" line-rate="0.3565217391304348" branch-rate="0" complexity="0"><methods/><lines><line number="26" hits="27"/><line number="28" hits="54"/><line number="29" hits="27"/><line number="34" hits="0"/><line number="37" hits="0"/><line number="42" hits="1"/><line number="49" hits="4"/><line number="50" hits="1"/><line number="51" hits="2"/><line number="52" hits="1"/><line number="54" hits="0"/><line number="56" hits="1"/><line number="57" hits="1"/><line number="58" hits="1"/><line number="62" hits="18"/><line number="68" hits="72"/><line number="73" hits="0"/><line number="74" hits="0"/><line number="79" hits="2"/><line number="80" hits="2"/><line number="83" hits="10"/><line number="84" hits="10"/><line number="87" hits="1"/><line number="88" hits="2"/><line number="91" hits="1"/><line number="92" hits="3"/><line number="94" hits="1"/><line number="95" hits="0"/><line number="96" hits="0"/><line number="97" hits="0"/><line number="102" hits="1"/><line number="103" hits="3"/><line number="106" hits="6"/><line number="109" hits="3"/><line number="110" hits="3"/><line number="111" hits="4"/><line number="113" hits="0"/><line number="116" hits="1"/><line number="119" hits="23"/><line number="125" hits="46"/><line number="128" hits="115"/><line number="131" hits="108"/><line number="134" hits="18"/><line number="135" hits="36"/><line number="136" hits="18"/><line number="138" hits="18"/><line number="141" hits="0"/><line number="142" hits="0"/><line number="145" hits="2"/><line number="146" hits="4"/><line number="149" hits="1"/><line number="150" hits="2"/><line number="153" hits="0"/><line number="158" hits="0"/><line number="159" hits="0"/><line number="161" hits="0"/><line number="168" hits="0"/><line number="173" hits="0"/><line number="174" hits="0"/><line number="175" hits="0"/><line number="176" hits="0"/><line number="177" hits="0"/><line number="179" hits="0"/><line number="180" hits="0"/><line number="181" hits="0"/><line number="182" hits="0"/><line number="183" hits="0"/><line number="184" hits="0"/><line number="185" hits="0"/><line number="187" hits="0"/><line number="188" hits="0"/><line number="193" hits="0"/><line number="194" hits="0"/><line number="195" hits="0"/><line number="196" hits="0"/><line number="197" hits="0"/><line number="198" hits="0"/><line number="203" hits="0"/><line number="210" hits="0"/><line number="213" hits="0"/><line number="214" hits="0"/><line number="215" hits="0"/><line number="217" hits="0"/><line number="218" hits="0"/><line number="221" hits="0"/><line number="222" hits="0"/><line number="226" hits="0"/><line number="227" hits="0"/><line number="228" hits="0"/><line number="229" hits="0"/><line number="230" hits="0"/><line number="231" hits="0"/><line number="232" hits="0"/><line number="233" hits="0"/><line number="236" hits="0"/><line number="239" hits="0"/><line number="240" hits="0"/><line number="241" hits="0"/><line number="242" hits="0"/><line number="243" hits="0"/><line number="245" hits="0"/><line number="246" hits="0"/><line number="247" hits="0"/><line number="248" hits="0"/><line number="249" hits="0"/><line number="250" hits="0"/><line number="251" hits="0"/><line number="253" hits="0"/><line number="254" hits="0"/><line number="259" hits="0"/><line number="260" hits="0"/><line number="261" hits="0"/><line number="262" hits="0"/><line number="263" hits="0"/><line number="264" hits="0"/></lines></class><class name="visitor" filename="crates/codegraph-rust/src/visitor.rs" line-rate="0.9104477611940298" branch-rate="0" complexity="0"><methods/><lines><line number="30" hits="43"/><line number="33" hits="86"/><line number="34" hits="86"/><line number="35" hits="86"/><line number="36" hits="86"/><line number="37" hits="86"/><line number="38" hits="86"/><line number="39" hits="43"/><line number="45" hits="81"/><line number="46" hits="81"/><line number="47" hits="62"/><line number="48" hits="2"/><line number="49" hits="6"/><line number="50" hits="4"/><line number="51" hits="0"/><line number="52" hits="0"/><line number="54" hits="0"/><line number="57" hits="96"/><line number="62" hits="75"/><line number="63" hits="150"/><line number="64" hits="89"/><line number="65" hits="21"/><line number="66" hits="6"/><line number="67" hits="6"/><line number="68" hits="9"/><line number="69" hits="9"/><line number="75" hits="150"/><line number="76" hits="72"/><line number="78" hits="6"/><line number="83" hits="47"/><line number="84" hits="47"/><line number="86" hits="76"/><line number="87" hits="17"/><line number="88" hits="51"/><line number="89" hits="17"/><line number="90" hits="17"/><line number="91" hits="17"/><line number="93" hits="12"/><line number="94" hits="36"/><line number="95" hits="24"/><line number="97" hits="0"/><line number="100" hits="36"/><line number="102" hits="12"/><line number="103" hits="24"/><line number="104" hits="12"/><line number="105" hits="12"/><line number="106" hits="12"/><line number="114" hits="47"/><line number="115" hits="47"/><line number="116" hits="32"/><line number="117" hits="30"/><line number="122" hits="47"/><line number="123" hits="94"/><line number="127" hits="25"/><line number="128" hits="59"/><line number="132" hits="20"/><line number="133" hits="20"/><line number="134" hits="20"/><line number="136" hits="23"/><line number="137" hits="6"/><line number="138" hits="3"/><line number="140" hits="0"/><line number="148" hits="25"/><line number="149" hits="75"/><line number="150" hits="75"/><line number="151" hits="75"/><line number="152" hits="75"/><line number="153" hits="75"/><line number="154" hits="75"/><line number="155" hits="75"/><line number="156" hits="75"/><line number="159" hits="25"/><line number="160" hits="0"/><line number="164" hits="25"/><line number="165" hits="0"/><line number="169" hits="75"/><line number="181" hits="50"/><line number="182" hits="50"/><line number="186" hits="75"/><line number="189" hits="75"/><line number="192" hits="16"/><line number="193" hits="48"/><line number="194" hits="48"/><line number="195" hits="48"/><line number="198" hits="16"/><line number="199" hits="0"/><line number="203" hits="32"/><line number="204" hits="16"/><line number="206" hits="31"/><line number="207" hits="30"/><line number="208" hits="15"/><line number="209" hits="15"/><line number="210" hits="45"/><line number="211" hits="15"/><line number="212" hits="45"/><line number="213" hits="45"/><line number="215" hits="15"/><line number="216" hits="30"/><line number="217" hits="30"/><line number="218" hits="15"/><line number="219" hits="15"/><line number="220" hits="15"/><line number="221" hits="15"/><line number="226" hits="48"/><line number="229" hits="48"/><line number="235" hits="32"/><line number="236" hits="32"/><line number="237" hits="32"/><line number="240" hits="16"/><line number="244" hits="48"/><line number="246" hits="48"/><line number="249" hits="4"/><line number="250" hits="12"/><line number="251" hits="12"/><line number="252" hits="12"/><line number="255" hits="4"/><line number="256" hits="0"/><line number="260" hits="12"/><line number="263" hits="12"/><line number="269" hits="8"/><line number="270" hits="8"/><line number="271" hits="8"/><line number="272" hits="8"/><line number="274" hits="12"/><line number="278" hits="12"/><line number="280" hits="12"/><line number="283" hits="8"/><line number="284" hits="24"/><line number="285" hits="24"/><line number="286" hits="24"/><line number="289" hits="8"/><line number="290" hits="0"/><line number="294" hits="16"/><line number="295" hits="26"/><line number="296" hits="27"/><line number="297" hits="36"/><line number="298" hits="36"/><line number="299" hits="36"/><line number="300" hits="36"/><line number="305" hits="36"/><line number="308" hits="36"/><line number="314" hits="36"/><line number="315" hits="27"/><line number="316" hits="18"/><line number="320" hits="18"/><line number="325" hits="16"/><line number="326" hits="8"/><line number="328" hits="8"/><line number="329" hits="0"/><line number="330" hits="0"/><line number="331" hits="0"/><line number="332" hits="0"/><line number="333" hits="0"/><line number="334" hits="0"/><line number="336" hits="0"/><line number="342" hits="24"/><line number="349" hits="8"/><line number="352" hits="24"/><line number="354" hits="24"/><line number="357" hits="10"/><line number="359" hits="30"/><line number="360" hits="10"/><line number="361" hits="10"/><line number="362" hits="10"/><line number="364" hits="30"/><line number="365" hits="10"/><line number="367" hits="0"/><line number="371" hits="15"/><line number="372" hits="10"/><line number="373" hits="5"/><line number="375" hits="15"/><line number="376" hits="5"/><line number="379" hits="10"/><line number="383" hits="15"/><line number="387" hits="30"/><line number="388" hits="20"/><line number="391" hits="36"/><line number="392" hits="26"/><line number="393" hits="39"/><line number="394" hits="39"/><line number="395" hits="39"/><line number="396" hits="39"/><line number="397" hits="39"/><line number="398" hits="39"/><line number="399" hits="39"/><line number="402" hits="26"/><line number="403" hits="13"/><line number="404" hits="13"/><line number="405" hits="13"/><line number="406" hits="27"/><line number="421" hits="26"/><line number="422" hits="13"/><line number="426" hits="39"/><line number="430" hits="30"/><line number="433" hits="20"/><line number="436" hits="11"/><line number="438" hits="33"/><line number="441" hits="33"/><line number="443" hits="11"/><line number="448" hits="33"/><line number="450" hits="33"/></lines></class></classes></package><package name="crates/codegraph-parser-api/src/relationships" line-rate="1" branch-rate="0" complexity="0"><classes><class name="calls" filename="crates/codegraph-parser-api/src/relationships/calls.rs" line-rate="1" branch-rate="0" complexity="0"><methods/><lines><line number="20" hits="90"/><line number="22" hits="270"/><line number="23" hits="180"/><line number="29" hits="1"/><line number="30" hits="1"/><line number="31" hits="1"/></lines></class><class name="implementations" filename="crates/codegraph-parser-api/src/relationships/implementations.rs" line-rate="1" branch-rate="0" complexity="0"><methods/><lines><line number="14" hits="5"/><line number="16" hits="15"/><line number="17" hits="5"/></lines></class><class name="imports" filename="crates/codegraph-parser-api/src/relationships/imports.rs" line-rate="1" branch-rate="0" complexity="0"><methods/><lines><line number="23" hits="58"/><line number="25" hits="174"/><line number="26" hits="174"/><line number="27" hits="58"/><line number="33" hits="32"/><line number="34" hits="64"/><line number="35" hits="32"/><line number="38" hits="2"/><line number="39" hits="2"/><line number="40" hits="2"/><line number="43" hits="3"/><line number="44" hits="6"/><line number="45" hits="3"/></lines></class><class name="inheritance" filename="crates/codegraph-parser-api/src/relationships/inheritance.rs" line-rate="1" branch-rate="0" complexity="0"><methods/><lines><line number="17" hits="19"/><line number="19" hits="57"/><line number="20" hits="19"/><line number="25" hits="1"/><line number="26" hits="1"/><line number="27" hits="1"/></lines></class></classes></package><package name="crates/codegraph/benches" line-rate="0" branch-rate="0" complexity="0"><classes></classes></package><package name="crates/codegraph/tests/unit" line-rate="1" branch-rate="0" complexity="0"><classes><class name="algorithms_test" filename="crates/codegraph/tests/unit/algorithms_test.rs" line-rate="1" branch-rate="0" complexity="0"><methods/><lines><line number="17" hits="5"/><line number="18" hits="10"/><line number="20" hits="25"/><line number="21" hits="25"/><line number="22" hits="25"/><line number="23" hits="25"/><line number="25" hits="25"/><line number="26" hits="25"/><line number="27" hits="25"/><line number="29" hits="25"/><line number="33" hits="3"/><line number="34" hits="6"/><line number="36" hits="15"/><line number="37" hits="15"/><line number="38" hits="15"/><line number="40" hits="15"/><line number="41" hits="15"/><line number="42" hits="15"/><line number="44" hits="12"/></lines></class><class name="export_test" filename="crates/codegraph/tests/unit/export_test.rs" line-rate="1" branch-rate="0" complexity="0"><methods/><lines><line number="18" hits="8"/><line number="19" hits="24"/><line number="20" hits="24"/><line number="21" hits="24"/><line number="24" hits="40"/><line number="25" hits="40"/><line number="28" hits="8"/><line number="29" hits="8"/><line number="30" hits="8"/><line number="31" hits="16"/><line number="32" hits="8"/><line number="33" hits="8"/><line number="34" hits="8"/><line number="35" hits="8"/><line number="36" hits="8"/><line number="37" hits="8"/><line number="42" hits="8"/><line number="43" hits="8"/><line number="44" hits="8"/><line number="45" hits="16"/><line number="46" hits="8"/><line number="47" hits="8"/><line number="48" hits="8"/><line number="49" hits="8"/><line number="50" hits="8"/><line number="51" hits="8"/><line number="55" hits="32"/><line number="56" hits="48"/><line number="58" hits="8"/></lines></class></classes></package><package name="crates/codegraph-go/tests" line-rate="0" branch-rate="0" complexity="0"><classes></classes></package><package name="crates/codegraph-python/tests" line-rate="0" branch-rate="0" complexity="0"><classes></classes></package><package name="crates/codegraph/tests/integration" line-rate="0" branch-rate="0" complexity="0"><classes></classes></package><package name="crates/codegraph-go/benches" line-rate="0" branch-rate="0" complexity="0"><classes></classes></package><package name="crates/codegraph-go/src" line-rate="0.7429906542056075" branch-rate="0" complexity="0"><classes><class name="extractor" filename="crates/codegraph-go/src/extractor.rs" line-rate="0.96875" branch-rate="0" complexity="0"><methods/><lines><line number="10" hits="30"/><line number="15" hits="60"/><line number="16" hits="60"/><line number="17" hits="30"/><line number="18" hits="60"/><line number="19" hits="30"/><line number="21" hits="180"/><line number="22" hits="0"/><line number="25" hits="90"/><line number="26" hits="60"/><line number="27" hits="2"/><line number="28" hits="6"/><line number="29" hits="2"/><line number="30" hits="2"/><line number="31" hits="2"/><line number="35" hits="112"/><line number="37" hits="56"/><line number="39" hits="84"/><line number="42" hits="56"/><line number="43" hits="56"/><line number="44" hits="84"/><line number="45" hits="84"/><line number="46" hits="112"/><line number="47" hits="28"/><line number="48" hits="28"/><line number="51" hits="140"/><line number="52" hits="84"/><line number="54" hits="56"/><line number="55" hits="56"/><line number="56" hits="56"/><line number="57" hits="56"/><line number="59" hits="28"/></lines></class><class name="mapper" filename="crates/codegraph-go/src/mapper.rs" line-rate="0.8597560975609756" branch-rate="0" complexity="0"><methods/><lines><line number="9" hits="27"/><line number="14" hits="81"/><line number="15" hits="54"/><line number="16" hits="54"/><line number="17" hits="54"/><line number="18" hits="54"/><line number="21" hits="73"/><line number="22" hits="38"/><line number="23" hits="57"/><line number="24" hits="57"/><line number="25" hits="57"/><line number="26" hits="57"/><line number="28" hits="19"/><line number="29" hits="0"/><line number="32" hits="38"/><line number="33" hits="57"/><line number="34" hits="19"/><line number="35" hits="95"/><line number="36" hits="19"/><line number="38" hits="16"/><line number="40" hits="24"/><line number="43" hits="16"/><line number="44" hits="24"/><line number="45" hits="24"/><line number="48" hits="16"/><line number="49" hits="24"/><line number="50" hits="8"/><line number="51" hits="32"/><line number="52" hits="8"/><line number="56" hits="61"/><line number="57" hits="34"/><line number="58" hits="51"/><line number="59" hits="51"/><line number="60" hits="51"/><line number="61" hits="51"/><line number="62" hits="51"/><line number="63" hits="51"/><line number="64" hits="51"/><line number="66" hits="17"/><line number="67" hits="0"/><line number="69" hits="17"/><line number="70" hits="0"/><line number="73" hits="34"/><line number="74" hits="51"/><line number="75" hits="17"/><line number="77" hits="85"/><line number="78" hits="51"/><line number="81" hits="17"/><line number="82" hits="85"/><line number="83" hits="17"/><line number="87" hits="47"/><line number="88" hits="20"/><line number="89" hits="30"/><line number="90" hits="30"/><line number="91" hits="30"/><line number="92" hits="30"/><line number="93" hits="30"/><line number="95" hits="10"/><line number="96" hits="0"/><line number="99" hits="20"/><line number="100" hits="30"/><line number="101" hits="10"/><line number="103" hits="50"/><line number="104" hits="30"/><line number="107" hits="10"/><line number="108" hits="50"/><line number="109" hits="10"/><line number="112" hits="14"/><line number="113" hits="6"/><line number="114" hits="4"/><line number="115" hits="6"/><line number="116" hits="6"/><line number="117" hits="6"/><line number="118" hits="6"/><line number="119" hits="6"/><line number="121" hits="6"/><line number="123" hits="2"/><line number="124" hits="0"/><line number="127" hits="4"/><line number="128" hits="6"/><line number="129" hits="2"/><line number="131" hits="8"/><line number="132" hits="6"/><line number="135" hits="2"/><line number="136" hits="10"/><line number="137" hits="2"/><line number="142" hits="41"/><line number="143" hits="14"/><line number="144" hits="21"/><line number="145" hits="21"/><line number="146" hits="21"/><line number="147" hits="21"/><line number="149" hits="7"/><line number="150" hits="0"/><line number="153" hits="14"/><line number="154" hits="21"/><line number="155" hits="7"/><line number="157" hits="35"/><line number="158" hits="21"/><line number="161" hits="7"/><line number="162" hits="35"/><line number="163" hits="7"/><line number="167" hits="49"/><line number="168" hits="22"/><line number="171" hits="33"/><line number="172" hits="0"/><line number="174" hits="22"/><line number="175" hits="33"/><line number="178" hits="22"/><line number="179" hits="33"/><line number="180" hits="11"/><line number="181" hits="55"/><line number="182" hits="11"/><line number="185" hits="33"/><line number="188" hits="22"/><line number="189" hits="13"/><line number="190" hits="4"/><line number="192" hits="12"/><line number="193" hits="2"/><line number="195" hits="11"/><line number="196" hits="0"/><line number="198" hits="11"/><line number="199" hits="55"/><line number="200" hits="11"/><line number="204" hits="27"/><line number="205" hits="0"/><line number="206" hits="0"/><line number="208" hits="0"/><line number="209" hits="0"/><line number="210" hits="0"/><line number="212" hits="0"/><line number="213" hits="0"/><line number="214" hits="0"/><line number="219" hits="27"/><line number="220" hits="0"/><line number="221" hits="0"/><line number="222" hits="0"/><line number="224" hits="0"/><line number="226" hits="0"/><line number="227" hits="0"/><line number="228" hits="0"/><line number="233" hits="29"/><line number="234" hits="2"/><line number="235" hits="3"/><line number="236" hits="3"/><line number="238" hits="1"/><line number="240" hits="1"/><line number="241" hits="1"/><line number="242" hits="1"/><line number="243" hits="1"/><line number="245" hits="1"/><line number="250" hits="73"/><line number="251" hits="19"/><line number="253" hits="8"/><line number="256" hits="27"/><line number="257" hits="81"/><line number="258" hits="54"/><line number="259" hits="54"/><line number="260" hits="54"/><line number="261" hits="54"/><line number="262" hits="27"/><line number="263" hits="27"/><line number="264" hits="27"/><line number="265" hits="27"/></lines></class><class name="parser_impl" filename="crates/codegraph-go/src/parser_impl.rs" line-rate="0.3565217391304348" branch-rate="0" complexity="0"><methods/><lines><line number="22" hits="23"/><line number="24" hits="46"/><line number="25" hits="23"/><line number="29" hits="0"/><line number="32" hits="0"/><line number="36" hits="1"/><line number="43" hits="4"/><line number="44" hits="1"/><line number="45" hits="2"/><line number="46" hits="1"/><line number="48" hits="0"/><line number="50" hits="1"/><line number="51" hits="1"/><line number="52" hits="1"/><line number="55" hits="18"/><line number="61" hits="72"/><line number="66" hits="0"/><line number="67" hits="0"/><line number="72" hits="2"/><line number="73" hits="2"/><line number="76" hits="6"/><line number="77" hits="6"/><line number="80" hits="1"/><line number="81" hits="2"/><line number="82" hits="1"/><line number="83" hits="3"/><line number="85" hits="1"/><line number="86" hits="0"/><line number="87" hits="0"/><line number="88" hits="0"/><line number="92" hits="1"/><line number="93" hits="3"/><line number="94" hits="6"/><line number="96" hits="3"/><line number="97" hits="3"/><line number="98" hits="4"/><line number="100" hits="0"/><line number="103" hits="1"/><line number="106" hits="19"/><line number="112" hits="38"/><line number="113" hits="95"/><line number="114" hits="108"/><line number="116" hits="18"/><line number="117" hits="36"/><line number="118" hits="18"/><line number="120" hits="18"/><line number="123" hits="0"/><line number="124" hits="0"/><line number="127" hits="2"/><line number="128" hits="4"/><line number="131" hits="1"/><line number="132" hits="2"/><line number="135" hits="0"/><line number="140" hits="0"/><line number="141" hits="0"/><line number="143" hits="0"/><line number="150" hits="0"/><line number="155" hits="0"/><line number="156" hits="0"/><line number="157" hits="0"/><line number="158" hits="0"/><line number="159" hits="0"/><line number="161" hits="0"/><line number="162" hits="0"/><line number="163" hits="0"/><line number="164" hits="0"/><line number="165" hits="0"/><line number="166" hits="0"/><line number="167" hits="0"/><line number="169" hits="0"/><line number="170" hits="0"/><line number="175" hits="0"/><line number="176" hits="0"/><line number="177" hits="0"/><line number="178" hits="0"/><line number="179" hits="0"/><line number="180" hits="0"/><line number="185" hits="0"/><line number="192" hits="0"/><line number="195" hits="0"/><line number="196" hits="0"/><line number="197" hits="0"/><line number="199" hits="0"/><line number="200" hits="0"/><line number="203" hits="0"/><line number="204" hits="0"/><line number="208" hits="0"/><line number="209" hits="0"/><line number="210" hits="0"/><line number="211" hits="0"/><line number="212" hits="0"/><line number="213" hits="0"/><line number="214" hits="0"/><line number="215" hits="0"/><line number="218" hits="0"/><line number="221" hits="0"/><line number="222" hits="0"/><line number="223" hits="0"/><line number="224" hits="0"/><line number="225" hits="0"/><line number="227" hits="0"/><line number="228" hits="0"/><line number="229" hits="0"/><line number="230" hits="0"/><line number="231" hits="0"/><line number="232" hits="0"/><line number="233" hits="0"/><line number="235" hits="0"/><line number="236" hits="0"/><line number="241" hits="0"/><line number="242" hits="0"/><line number="243" hits="0"/><line number="244" hits="0"/><line number="245" hits="0"/><line number="246" hits="0"/></lines></class><class name="visitor" filename="crates/codegraph-go/src/visitor.rs" line-rate="0.8974358974358975" branch-rate="0" complexity="0"><methods/><lines><line number="19" hits="40"/><line number="23" hits="80"/><line number="24" hits="80"/><line number="25" hits="40"/><line number="26" hits="40"/><line number="30" hits="102"/><line number="31" hits="510"/><line number="34" hits="1589"/><line number="35" hits="1589"/><line number="36" hits="1637"/><line number="37" hits="1597"/><line number="38" hits="1631"/><line number="39" hits="1582"/><line number="40" hits="1530"/><line number="43" hits="4767"/><line number="44" hits="7867"/><line number="45" hits="3100"/><line number="49" hits="16"/><line number="50" hits="32"/><line number="52" hits="64"/><line number="53" hits="16"/><line number="57" hits="64"/><line number="63" hits="48"/><line number="64" hits="32"/><line number="65" hits="32"/><line number="70" hits="32"/><line number="73" hits="32"/><line number="78" hits="48"/><line number="81" hits="8"/><line number="82" hits="16"/><line number="84" hits="32"/><line number="85" hits="8"/><line number="89" hits="32"/><line number="95" hits="24"/><line number="96" hits="16"/><line number="97" hits="16"/><line number="102" hits="16"/><line number="105" hits="16"/><line number="110" hits="24"/><line number="113" hits="22"/><line number="114" hits="66"/><line number="115" hits="115"/><line number="116" hits="49"/><line number="117" hits="46"/><line number="119" hits="92"/><line number="120" hits="23"/><line number="121" hits="69"/><line number="123" hits="46"/><line number="124" hits="23"/><line number="125" hits="38"/><line number="128" hits="60"/><line number="129" hits="45"/><line number="130" hits="45"/><line number="133" hits="45"/><line number="134" hits="45"/><line number="135" hits="45"/><line number="136" hits="45"/><line number="138" hits="30"/><line number="139" hits="30"/><line number="141" hits="30"/><line number="143" hits="16"/><line number="146" hits="32"/><line number="147" hits="24"/><line number="148" hits="24"/><line number="149" hits="24"/><line number="150" hits="24"/><line number="152" hits="16"/><line number="154" hits="16"/><line number="156" hits="0"/><line number="163" hits="13"/><line number="165" hits="39"/><line number="166" hits="26"/><line number="168" hits="65"/><line number="169" hits="26"/><line number="170" hits="26"/><line number="172" hits="5"/><line number="173" hits="15"/><line number="174" hits="53"/><line number="175" hits="52"/><line number="176" hits="28"/><line number="180" hits="29"/><line number="182" hits="16"/><line number="183" hits="16"/><line number="185" hits="13"/><line number="190" hits="13"/><line number="191" hits="0"/><line number="193" hits="0"/><line number="195" hits="0"/><line number="199" hits="0"/><line number="203" hits="22"/><line number="204" hits="44"/><line number="205" hits="44"/><line number="206" hits="44"/><line number="209" hits="66"/><line number="210" hits="97"/><line number="211" hits="93"/><line number="212" hits="124"/><line number="214" hits="31"/><line number="215" hits="53"/><line number="218" hits="44"/><line number="220" hits="24"/><line number="222" hits="9"/><line number="223" hits="3"/><line number="224" hits="9"/><line number="225" hits="3"/><line number="229" hits="0"/><line number="231" hits="3"/><line number="232" hits="0"/><line number="233" hits="3"/><line number="234" hits="0"/><line number="235" hits="0"/><line number="236" hits="0"/><line number="237" hits="0"/><line number="240" hits="0"/><line number="250" hits="66"/><line number="252" hits="44"/><line number="256" hits="66"/></lines></class></classes></package><package name="crates/codegraph-python/examples" line-rate="0" branch-rate="0" complexity="0"><classes></classes></package><package name="crates/codegraph-typescript/tests" line-rate="0" branch-rate="0" complexity="0"><classes></classes></package><package name="crates/codegraph/src" line-rate="0.8488773747841105" branch-rate="0" complexity="0"><classes><class name="error" filename="crates/codegraph/src/error.rs" line-rate="0.5" branch-rate="0" complexity="0"><methods/><lines><line number="89" hits="1"/><line number="94" hits="2"/><line number="95" hits="2"/><line number="100" hits="0"/><line number="105" hits="0"/><line number="106" hits="0"/></lines></class><class name="helpers" filename="crates/codegraph/src/helpers.rs" line-rate="0.9617834394904459" branch-rate="0" complexity="0"><methods/><lines><line number="41" hits="128"/><line number="42" hits="256"/><line number="43" hits="256"/><line number="44" hits="256"/><line number="46" hits="512"/><line number="64" hits="36"/><line number="71" hits="72"/><line number="72" hits="72"/><line number="73" hits="72"/><line number="74" hits="72"/><line number="76" hits="180"/><line number="79" hits="216"/><line number="81" hits="36"/><line number="97" hits="20125"/><line number="102" hits="40250"/><line number="103" hits="40250"/><line number="104" hits="40250"/><line number="105" hits="40250"/><line number="106" hits="40250"/><line number="107" hits="40250"/><line number="108" hits="40250"/><line number="109" hits="40250"/><line number="111" hits="100625"/><line number="114" hits="120750"/><line number="116" hits="20125"/><line number="134" hits="35"/><line number="141" hits="70"/><line number="142" hits="70"/><line number="143" hits="70"/><line number="144" hits="70"/><line number="146" hits="175"/><line number="149" hits="210"/><line number="151" hits="35"/><line number="169" hits="56"/><line number="176" hits="112"/><line number="177" hits="112"/><line number="178" hits="112"/><line number="179" hits="112"/><line number="181" hits="280"/><line number="184" hits="336"/><line number="186" hits="56"/><line number="202" hits="1"/><line number="203" hits="6"/><line number="205" hits="4"/><line number="222" hits="28"/><line number="228" hits="112"/><line number="229" hits="168"/><line number="246" hits="44"/><line number="252" hits="254"/><line number="253" hits="176"/><line number="254" hits="264"/><line number="270" hits="0"/><line number="275" hits="0"/><line number="276" hits="0"/><line number="277" hits="0"/><line number="278" hits="0"/><line number="279" hits="0"/><line number="295" hits="1"/><line number="296" hits="5"/><line number="298" hits="2"/><line number="299" hits="7"/><line number="301" hits="15"/><line number="302" hits="7"/><line number="303" hits="12"/><line number="304" hits="3"/><line number="305" hits="6"/><line number="306" hits="2"/><line number="311" hits="1"/><line number="326" hits="1"/><line number="327" hits="5"/><line number="329" hits="2"/><line number="330" hits="5"/><line number="332" hits="10"/><line number="333" hits="4"/><line number="334" hits="8"/><line number="335" hits="2"/><line number="336" hits="6"/><line number="337" hits="2"/><line number="342" hits="1"/><line number="357" hits="1"/><line number="358" hits="5"/><line number="360" hits="2"/><line number="361" hits="9"/><line number="362" hits="16"/><line number="364" hits="7"/><line number="365" hits="6"/><line number="369" hits="1"/><line number="384" hits="10"/><line number="385" hits="50"/><line number="387" hits="20"/><line number="388" hits="28"/><line number="390" hits="45"/><line number="391" hits="18"/><line number="392" hits="36"/><line number="393" hits="9"/><line number="394" hits="27"/><line number="395" hits="9"/><line number="400" hits="10"/><line number="415" hits="7"/><line number="416" hits="35"/><line number="418" hits="14"/><line number="419" hits="19"/><line number="421" hits="30"/><line number="422" hits="12"/><line number="423" hits="24"/><line number="424" hits="6"/><line number="425" hits="18"/><line number="426" hits="6"/><line number="431" hits="7"/><line number="450" hits="4"/><line number="457" hits="8"/><line number="458" hits="8"/><line number="459" hits="8"/><line number="461" hits="12"/><line number="462" hits="12"/><line number="464" hits="34"/><line number="466" hits="17"/><line number="467" hits="7"/><line number="468" hits="1"/><line number="473" hits="36"/><line number="475" hits="23"/><line number="476" hits="20"/><line number="477" hits="24"/><line number="478" hits="24"/><line number="479" hits="18"/><line number="484" hits="4"/><line number="501" hits="3"/><line number="508" hits="6"/><line number="509" hits="6"/><line number="510" hits="6"/><line number="512" hits="9"/><line number="513" hits="9"/><line number="515" hits="24"/><line number="517" hits="14"/><line number="518" hits="7"/><line number="519" hits="1"/><line number="524" hits="24"/><line number="526" hits="14"/><line number="527" hits="12"/><line number="528" hits="16"/><line number="529" hits="16"/><line number="530" hits="12"/><line number="535" hits="3"/><line number="553" hits="1"/><line number="559" hits="5"/><line number="575" hits="2"/><line number="577" hits="6"/><line number="580" hits="4"/><line number="582" hits="6"/><line number="584" hits="4"/><line number="585" hits="14"/><line number="586" hits="18"/><line number="587" hits="12"/><line number="588" hits="12"/><line number="594" hits="4"/><line number="595" hits="4"/><line number="599" hits="2"/></lines></class><class name="query" filename="crates/codegraph/src/query.rs" line-rate="0.6950354609929078" branch-rate="0" complexity="0"><methods/><lines><line number="43" hits="20"/><line number="46" hits="40"/><line number="66" hits="20"/><line number="67" hits="20"/><line number="68" hits="40186"/><line number="69" hits="20"/><line number="75" hits="3"/><line number="76" hits="6"/><line number="77" hits="3"/><line number="89" hits="2"/><line number="90" hits="6"/><line number="91" hits="14"/><line number="92" hits="24"/><line number="93" hits="24"/><line number="95" hits="0"/><line number="98" hits="2"/><line number="104" hits="7"/><line number="105" hits="21"/><line number="106" hits="21"/><line number="108" hits="20031"/><line number="109" hits="60030"/><line number="110" hits="40020"/><line number="111" hits="60021"/><line number="112" hits="0"/><line number="113" hits="0"/><line number="114" hits="0"/><line number="116" hits="9"/><line number="117" hits="0"/><line number="120" hits="0"/><line number="123" hits="7"/><line number="127" hits="0"/><line number="128" hits="0"/><line number="129" hits="0"/><line number="130" hits="0"/><line number="131" hits="0"/><line number="135" hits="6"/><line number="136" hits="18"/><line number="137" hits="3368"/><line number="138" hits="10050"/><line number="139" hits="6700"/><line number="141" hits="0"/><line number="144" hits="6"/><line number="148" hits="0"/><line number="149" hits="0"/><line number="150" hits="0"/><line number="151" hits="0"/><line number="153" hits="0"/><line number="155" hits="0"/><line number="158" hits="0"/><line number="186" hits="1"/><line number="190" hits="3"/><line number="191" hits="1"/><line number="195" hits="2"/><line number="196" hits="2"/><line number="197" hits="2"/><line number="201" hits="15"/><line number="202" hits="30"/><line number="203" hits="45"/><line number="206" hits="48"/><line number="207" hits="9"/><line number="210" hits="24"/><line number="214" hits="20134"/><line number="215" hits="20120"/><line number="216" hits="1"/><line number="219" hits="30177"/><line number="220" hits="33541"/><line number="221" hits="6728"/><line number="226" hits="15"/><line number="230" hits="2"/><line number="231" hits="4"/><line number="234" hits="6"/><line number="235" hits="0"/><line number="238" hits="4"/><line number="241" hits="20012"/><line number="242" hits="30015"/><line number="243" hits="33352"/><line number="244" hits="3337"/><line number="249" hits="2"/><line number="253" hits="3"/><line number="255" hits="9"/><line number="256" hits="0"/><line number="259" hits="6"/><line number="262" hits="19"/><line number="263" hits="27"/><line number="264" hits="27"/><line number="265" hits="2"/><line number="270" hits="1"/><line number="274" hits="3"/><line number="276" hits="8"/><line number="277" hits="15"/><line number="278" hits="5"/><line number="279" hits="12"/><line number="280" hits="4"/><line number="282" hits="12"/><line number="290" hits="0"/><line number="294" hits="20073"/><line number="295" hits="127034"/><line number="302" hits="12"/><line number="304" hits="24"/><line number="305" hits="20"/><line number="306" hits="4"/><line number="307" hits="8"/><line number="308" hits="12"/><line number="311" hits="4"/><line number="312" hits="0"/><line number="316" hits="8"/><line number="318" hits="8"/><line number="319" hits="8"/><line number="320" hits="12"/><line number="322" hits="0"/><line number="327" hits="0"/><line number="328" hits="0"/><line number="330" hits="0"/><line number="335" hits="40"/><line number="336" hits="8"/><line number="338" hits="0"/><line number="342" hits="16"/><line number="343" hits="46"/><line number="344" hits="30"/><line number="346" hits="4"/><line number="349" hits="11"/><line number="351" hits="8"/><line number="352" hits="1"/><line number="354" hits="3"/><line number="355" hits="14"/><line number="357" hits="21"/><line number="360" hits="0"/><line number="361" hits="0"/><line number="363" hits="0"/><line number="368" hits="0"/><line number="374" hits="0"/><line number="375" hits="0"/><line number="376" hits="0"/><line number="378" hits="0"/><line number="380" hits="0"/><line number="381" hits="0"/><line number="382" hits="0"/><line number="383" hits="0"/><line number="384" hits="0"/><line number="385" hits="0"/><line number="387" hits="0"/></lines></class></classes></package><package name="crates/codegraph-c/benches" line-rate="0" branch-rate="0" complexity="0"><classes></classes></package><package name="crates/codegraph-python/src" line-rate="0.8214285714285714" branch-rate="0" complexity="0"><classes><class name="builder" filename="crates/codegraph-python/src/builder.rs" line-rate="1" branch-rate="0" complexity="0"><methods/><lines><line number="20" hits="41"/><line number="22" hits="205"/><line number="23" hits="41"/><line number="26" hits="123"/><line number="29" hits="109"/><line number="30" hits="68"/><line number="31" hits="102"/><line number="32" hits="102"/><line number="33" hits="68"/><line number="34" hits="68"/><line number="35" hits="102"/><line number="36" hits="68"/><line number="37" hits="68"/><line number="40" hits="96"/><line number="41" hits="93"/><line number="42" hits="93"/><line number="43" hits="124"/><line number="44" hits="93"/><line number="45" hits="93"/><line number="46" hits="62"/><line number="47" hits="31"/><line number="48" hits="62"/><line number="50" hits="93"/><line number="51" hits="62"/><line number="52" hits="31"/><line number="53" hits="62"/><line number="55" hits="31"/><line number="58" hits="68"/><line number="59" hits="102"/><line number="60" hits="34"/><line number="63" hits="34"/><line number="64" hits="170"/><line number="65" hits="34"/><line number="67" hits="170"/><line number="71" hits="103"/><line number="73" hits="31"/><line number="74" hits="31"/><line number="75" hits="31"/><line number="76" hits="31"/><line number="77" hits="31"/><line number="79" hits="31"/><line number="81" hits="155"/><line number="84" hits="141"/><line number="86" hits="55"/><line number="87" hits="55"/><line number="88" hits="55"/><line number="89" hits="55"/><line number="90" hits="55"/><line number="92" hits="55"/><line number="95" hits="165"/><line number="96" hits="220"/><line number="101" hits="161"/><line number="102" hits="26"/><line number="103" hits="360"/><line number="105" hits="65"/><line number="106" hits="13"/><line number="117" hits="41"/><line number="119" hits="41"/></lines></class><class name="config" filename="crates/codegraph-python/src/config.rs" line-rate="0.9130434782608695" branch-rate="0" complexity="0"><methods/><lines><line number="30" hits="115"/><line number="35" hits="230"/><line number="36" hits="460"/><line number="37" hits="230"/><line number="57" hits="3"/><line number="58" hits="5"/><line number="59" hits="2"/><line number="60" hits="1"/><line number="64" hits="2"/><line number="65" hits="0"/><line number="68" hits="4"/><line number="69" hits="0"/><line number="72" hits="2"/><line number="76" hits="74"/><line number="77" hits="222"/><line number="78" hits="148"/><line number="79" hits="74"/><line number="84" hits="23"/><line number="85" hits="190"/><line number="87" hits="144"/><line number="88" hits="39"/><line number="89" hits="39"/><line number="91" hits="131"/></lines></class><class name="error" filename="crates/codegraph-python/src/error.rs" line-rate="0" branch-rate="0" complexity="0"><methods/><lines><line number="49" hits="0"/><line number="51" hits="0"/><line number="57" hits="0"/><line number="59" hits="0"/><line number="66" hits="0"/><line number="73" hits="0"/><line number="76" hits="0"/><line number="81" hits="0"/><line number="82" hits="0"/><line number="86" hits="0"/><line number="87" hits="0"/><line number="91" hits="0"/><line number="93" hits="0"/><line number="94" hits="0"/></lines></class><class name="extractor" filename="crates/codegraph-python/src/extractor.rs" line-rate="0.7479224376731302" branch-rate="0" complexity="0"><methods/><lines><line number="15" hits="132"/><line number="17" hits="519"/><line number="18" hits="150"/><line number="20" hits="492"/><line number="23" hits="246"/><line number="25" hits="369"/><line number="30" hits="492"/><line number="31" hits="615"/><line number="32" hits="246"/><line number="33" hits="369"/><line number="36" hits="1170"/><line number="37" hits="462"/><line number="38" hits="201"/><line number="40" hits="603"/><line number="41" hits="4"/><line number="45" hits="394"/><line number="46" hits="591"/><line number="49" hits="591"/><line number="51" hits="1182"/><line number="52" hits="394"/><line number="53" hits="591"/><line number="56" hits="197"/><line number="57" hits="788"/><line number="58" hits="365"/><line number="59" hits="112"/><line number="62" hits="4"/><line number="64" hits="12"/><line number="65" hits="0"/><line number="68" hits="8"/><line number="69" hits="12"/><line number="72" hits="12"/><line number="74" hits="24"/><line number="76" hits="8"/><line number="77" hits="12"/><line number="80" hits="4"/><line number="81" hits="16"/><line number="82" hits="4"/><line number="83" hits="0"/><line number="86" hits="163"/><line number="87" hits="326"/><line number="88" hits="489"/><line number="91" hits="326"/><line number="92" hits="994"/><line number="93" hits="334"/><line number="94" hits="190"/><line number="95" hits="380"/><line number="96" hits="570"/><line number="99" hits="570"/><line number="102" hits="380"/><line number="103" hits="190"/><line number="104" hits="190"/><line number="106" hits="380"/><line number="107" hits="570"/><line number="110" hits="190"/><line number="111" hits="1140"/><line number="113" hits="190"/><line number="114" hits="190"/><line number="115" hits="190"/><line number="117" hits="277"/><line number="118" hits="58"/><line number="121" hits="0"/><line number="122" hits="0"/><line number="123" hits="0"/><line number="126" hits="0"/><line number="129" hits="0"/><line number="130" hits="0"/><line number="131" hits="0"/><line number="134" hits="0"/><line number="135" hits="0"/><line number="138" hits="0"/><line number="139" hits="0"/><line number="141" hits="0"/><line number="142" hits="0"/><line number="143" hits="0"/><line number="145" hits="0"/><line number="146" hits="0"/><line number="149" hits="144"/><line number="155" hits="978"/><line number="156" hits="326"/><line number="157" hits="489"/><line number="160" hits="195"/><line number="161" hits="48"/><line number="162" hits="32"/><line number="163" hits="80"/><line number="164" hits="32"/><line number="168" hits="15"/><line number="170" hits="30"/><line number="172" hits="45"/><line number="176" hits="45"/><line number="177" hits="45"/><line number="178" hits="60"/><line number="181" hits="19"/><line number="182" hits="8"/><line number="185" hits="45"/><line number="188" hits="32"/><line number="190" hits="64"/><line number="192" hits="96"/><line number="196" hits="64"/><line number="197" hits="32"/><line number="199" hits="94"/><line number="200" hits="34"/><line number="203" hits="64"/><line number="204" hits="32"/><line number="206" hits="116"/><line number="208" hits="34"/><line number="209" hits="12"/><line number="210" hits="4"/><line number="212" hits="90"/><line number="213" hits="30"/><line number="215" hits="110"/><line number="217" hits="30"/><line number="218" hits="150"/><line number="219" hits="90"/><line number="222" hits="47"/><line number="228" hits="123"/><line number="232" hits="391"/><line number="237" hits="782"/><line number="239" hits="3006"/><line number="240" hits="2444"/><line number="243" hits="391"/><line number="247" hits="391"/><line number="248" hits="782"/><line number="250" hits="2224"/><line number="251" hits="1222"/><line number="254" hits="782"/><line number="258" hits="641"/><line number="259" hits="641"/><line number="260" hits="13"/><line number="262" hits="26"/><line number="263" hits="26"/><line number="266" hits="64"/><line number="267" hits="34"/><line number="270" hits="26"/><line number="273" hits="13"/><line number="275" hits="5"/><line number="276" hits="8"/><line number="278" hits="6"/><line number="281" hits="6"/><line number="282" hits="6"/><line number="283" hits="8"/><line number="284" hits="2"/><line number="288" hits="0"/><line number="289" hits="0"/><line number="290" hits="0"/><line number="291" hits="0"/><line number="293" hits="0"/><line number="298" hits="39"/><line number="300" hits="2"/><line number="301" hits="4"/><line number="302" hits="4"/><line number="305" hits="6"/><line number="307" hits="11"/><line number="308" hits="6"/><line number="311" hits="4"/><line number="314" hits="2"/><line number="315" hits="0"/><line number="316" hits="0"/><line number="317" hits="0"/><line number="319" hits="0"/><line number="322" hits="2"/><line number="323" hits="4"/><line number="324" hits="4"/><line number="326" hits="8"/><line number="327" hits="4"/><line number="330" hits="4"/><line number="333" hits="2"/><line number="334" hits="0"/><line number="335" hits="0"/><line number="336" hits="0"/><line number="338" hits="0"/><line number="341" hits="0"/><line number="343" hits="0"/><line number="344" hits="0"/><line number="345" hits="0"/><line number="347" hits="0"/><line number="349" hits="1"/><line number="350" hits="2"/><line number="351" hits="4"/><line number="352" hits="2"/><line number="354" hits="2"/><line number="357" hits="5"/><line number="358" hits="4"/><line number="359" hits="4"/><line number="360" hits="4"/><line number="361" hits="8"/><line number="362" hits="4"/><line number="364" hits="4"/><line number="368" hits="1"/><line number="369" hits="0"/><line number="370" hits="0"/><line number="371" hits="0"/><line number="373" hits="0"/><line number="377" hits="1"/><line number="378" hits="0"/><line number="379" hits="0"/><line number="380" hits="0"/><line number="382" hits="0"/><line number="385" hits="0"/><line number="387" hits="0"/><line number="388" hits="0"/><line number="389" hits="0"/><line number="390" hits="0"/><line number="391" hits="0"/><line number="393" hits="0"/><line number="396" hits="294"/><line number="400" hits="882"/><line number="401" hits="588"/><line number="404" hits="396"/><line number="405" hits="396"/><line number="407" hits="120"/><line number="408" hits="120"/><line number="410" hits="0"/><line number="411" hits="0"/><line number="412" hits="0"/><line number="415" hits="8"/><line number="416" hits="8"/><line number="418" hits="1"/><line number="422" hits="0"/><line number="425" hits="66"/><line number="432" hits="711"/><line number="435" hits="711"/><line number="436" hits="2"/><line number="439" hits="8"/><line number="440" hits="2"/><line number="444" hits="14"/><line number="445" hits="8"/><line number="448" hits="2"/><line number="450" hits="3"/><line number="451" hits="4"/><line number="452" hits="4"/><line number="453" hits="2"/><line number="455" hits="0"/><line number="457" hits="0"/><line number="459" hits="1"/><line number="461" hits="3"/><line number="462" hits="2"/><line number="463" hits="4"/><line number="464" hits="3"/><line number="465" hits="2"/><line number="468" hits="3"/><line number="470" hits="0"/><line number="471" hits="0"/><line number="472" hits="0"/><line number="473" hits="0"/><line number="474" hits="0"/><line number="475" hits="0"/><line number="478" hits="0"/><line number="480" hits="0"/><line number="481" hits="0"/><line number="482" hits="0"/><line number="483" hits="0"/><line number="484" hits="0"/><line number="485" hits="0"/><line number="488" hits="0"/><line number="489" hits="0"/><line number="491" hits="0"/><line number="492" hits="0"/><line number="493" hits="0"/><line number="494" hits="0"/><line number="495" hits="0"/><line number="496" hits="0"/><line number="499" hits="0"/><line number="501" hits="85"/><line number="503" hits="256"/><line number="504" hits="114"/><line number="507" hits="44"/><line number="508" hits="88"/><line number="509" hits="44"/><line number="511" hits="4"/><line number="512" hits="4"/><line number="514" hits="14"/><line number="515" hits="42"/><line number="516" hits="56"/><line number="517" hits="28"/><line number="520" hits="584"/><line number="527" hits="641"/><line number="533" hits="641"/><line number="534" hits="396"/><line number="535" hits="792"/><line number="537" hits="120"/><line number="538" hits="240"/><line number="540" hits="0"/><line number="541" hits="0"/><line number="542" hits="0"/><line number="545" hits="8"/><line number="546" hits="16"/><line number="548" hits="294"/><line number="549" hits="882"/><line number="550" hits="1176"/><line number="553" hits="13"/><line number="554" hits="64"/><line number="555" hits="68"/><line number="557" hits="28"/><line number="558" hits="20"/><line number="561" hits="2"/><line number="562" hits="11"/><line number="563" hits="12"/><line number="566" hits="2"/><line number="567" hits="8"/><line number="568" hits="8"/><line number="571" hits="0"/><line number="572" hits="0"/><line number="573" hits="0"/><line number="576" hits="1"/><line number="577" hits="4"/><line number="578" hits="4"/><line number="580" hits="5"/><line number="581" hits="4"/><line number="582" hits="8"/><line number="583" hits="8"/><line number="587" hits="67"/><line number="594" hits="660"/><line number="602" hits="660"/><line number="603" hits="85"/><line number="605" hits="255"/><line number="607" hits="170"/><line number="608" hits="225"/><line number="609" hits="425"/><line number="612" hits="255"/><line number="616" hits="256"/><line number="617" hits="228"/><line number="620" hits="42"/><line number="621" hits="126"/><line number="622" hits="84"/><line number="624" hits="4"/><line number="625" hits="8"/><line number="627" hits="2"/><line number="628" hits="6"/><line number="629" hits="4"/><line number="631" hits="2"/><line number="632" hits="4"/><line number="634" hits="550"/><line number="642" hits="85"/><line number="645" hits="85"/><line number="646" hits="55"/><line number="648" hits="55"/><line number="650" hits="30"/><line number="653" hits="90"/><line number="654" hits="30"/><line number="656" hits="0"/><line number="662" hits="32"/><line number="665" hits="32"/><line number="666" hits="90"/><line number="667" hits="2"/><line number="668" hits="6"/><line number="669" hits="4"/><line number="671" hits="0"/><line number="677" hits="16"/><line number="680" hits="16"/><line number="681" hits="16"/><line number="683" hits="16"/><line number="685" hits="0"/><line number="687" hits="0"/><line number="688" hits="0"/><line number="690" hits="0"/><line number="695" hits="205"/><line number="697" hits="223"/><line number="698" hits="3"/><line number="702" hits="208"/><line number="703" hits="1"/><line number="706" hits="201"/></lines></class><class name="parser" filename="crates/codegraph-python/src/parser.rs" line-rate="0.8525641025641025" branch-rate="0" complexity="0"><methods/><lines><line number="34" hits="40"/><line number="37" hits="80"/><line number="38" hits="80"/><line number="39" hits="80"/><line number="40" hits="40"/><line number="42" hits="40"/><line number="47" hits="1"/><line number="48" hits="5"/><line number="79" hits="8"/><line number="81" hits="16"/><line number="82" hits="8"/><line number="87" hits="8"/><line number="92" hits="4"/><line number="93" hits="16"/><line number="94" hits="4"/><line number="95" hits="1"/><line number="97" hits="3"/><line number="101" hits="1"/><line number="102" hits="2"/><line number="103" hits="0"/><line number="105" hits="2"/><line number="109" hits="32"/><line number="110" hits="32"/><line number="111" hits="32"/><line number="112" hits="32"/><line number="113" hits="32"/><line number="114" hits="32"/><line number="115" hits="96"/><line number="119" hits="3"/><line number="120" hits="12"/><line number="125" hits="0"/><line number="126" hits="0"/><line number="137" hits="15"/><line number="139" hits="15"/><line number="144" hits="5"/><line number="149" hits="1"/><line number="150" hits="1"/><line number="164" hits="40"/><line number="172" hits="80"/><line number="175" hits="240"/><line number="176" hits="3"/><line number="177" hits="6"/><line number="178" hits="3"/><line number="179" hits="3"/><line number="180" hits="3"/><line number="185" hits="259"/><line number="188" hits="148"/><line number="191" hits="210"/><line number="194" hits="97"/><line number="195" hits="195"/><line number="196" hits="110"/><line number="197" hits="110"/><line number="198" hits="110"/><line number="202" hits="208"/><line number="203" hits="148"/><line number="205" hits="111"/><line number="206" hits="148"/><line number="207" hits="37"/><line number="210" hits="37"/><line number="213" hits="37"/><line number="215" hits="37"/><line number="229" hits="41"/><line number="236" hits="41"/><line number="239" hits="81"/><line number="240" hits="80"/><line number="241" hits="80"/><line number="242" hits="1"/><line number="243" hits="1"/><line number="244" hits="1"/><line number="251" hits="159"/><line number="252" hits="2"/><line number="253" hits="1"/><line number="256" hits="78"/><line number="257" hits="1"/><line number="258" hits="1"/><line number="259" hits="3"/><line number="260" hits="2"/><line number="261" hits="1"/><line number="266" hits="38"/><line number="267" hits="114"/><line number="268" hits="0"/><line number="269" hits="0"/><line number="273" hits="228"/><line number="275" hits="36"/><line number="276" hits="0"/><line number="277" hits="0"/><line number="279" hits="0"/><line number="280" hits="0"/><line number="283" hits="36"/><line number="297" hits="7"/><line number="305" hits="14"/><line number="306" hits="14"/><line number="308" hits="7"/><line number="311" hits="14"/><line number="313" hits="59"/><line number="314" hits="7"/><line number="315" hits="7"/><line number="316" hits="57"/><line number="318" hits="100"/><line number="319" hits="38"/><line number="320" hits="38"/><line number="323" hits="31"/><line number="326" hits="45"/><line number="327" hits="44"/><line number="328" hits="88"/><line number="329" hits="62"/><line number="330" hits="62"/><line number="331" hits="124"/><line number="332" hits="93"/><line number="338" hits="1"/><line number="340" hits="3"/><line number="341" hits="5"/><line number="348" hits="7"/><line number="349" hits="5"/><line number="351" hits="24"/><line number="354" hits="7"/><line number="356" hits="7"/><line number="357" hits="0"/><line number="358" hits="0"/><line number="362" hits="0"/><line number="363" hits="0"/><line number="364" hits="0"/><line number="367" hits="7"/><line number="371" hits="6"/><line number="377" hits="60"/><line number="378" hits="81"/><line number="379" hits="52"/><line number="380" hits="52"/><line number="382" hits="2"/><line number="383" hits="5"/><line number="390" hits="1"/><line number="399" hits="3"/><line number="400" hits="3"/><line number="403" hits="3"/><line number="404" hits="1"/><line number="405" hits="2"/><line number="407" hits="1"/><line number="408" hits="0"/><line number="409" hits="0"/><line number="413" hits="0"/><line number="414" hits="0"/><line number="415" hits="0"/><line number="420" hits="3"/><line number="421" hits="7"/><line number="424" hits="4"/><line number="425" hits="16"/><line number="426" hits="16"/><line number="429" hits="16"/><line number="430" hits="4"/><line number="431" hits="8"/><line number="432" hits="8"/><line number="434" hits="0"/><line number="435" hits="0"/><line number="441" hits="1"/><line number="446" hits="0"/><line number="447" hits="0"/></lines></class><class name="parser_impl" filename="crates/codegraph-python/src/parser_impl.rs" line-rate="0.9122807017543859" branch-rate="0" complexity="0"><methods/><lines><line number="21" hits="61"/><line number="23" hits="122"/><line number="24" hits="61"/><line number="29" hits="8"/><line number="32" hits="8"/><line number="37" hits="82"/><line number="44" hits="328"/><line number="45" hits="82"/><line number="46" hits="155"/><line number="47" hits="73"/><line number="49" hits="9"/><line number="51" hits="82"/><line number="52" hits="82"/><line number="53" hits="82"/><line number="57" hits="74"/><line number="66" hits="222"/><line number="67" hits="148"/><line number="68" hits="148"/><line number="69" hits="148"/><line number="70" hits="148"/><line number="73" hits="222"/><line number="74" hits="148"/><line number="75" hits="222"/><line number="76" hits="222"/><line number="77" hits="222"/><line number="78" hits="222"/><line number="80" hits="74"/><line number="81" hits="0"/><line number="84" hits="148"/><line number="85" hits="222"/><line number="86" hits="74"/><line number="87" hits="370"/><line number="88" hits="74"/><line number="91" hits="0"/><line number="93" hits="0"/><line number="96" hits="0"/><line number="97" hits="0"/><line number="98" hits="0"/><line number="101" hits="0"/><line number="102" hits="0"/><line number="103" hits="0"/><line number="104" hits="0"/><line number="105" hits="0"/><line number="109" hits="392"/><line number="110" hits="318"/><line number="111" hits="477"/><line number="112" hits="477"/><line number="113" hits="477"/><line number="114" hits="477"/><line number="115" hits="477"/><line number="116" hits="477"/><line number="117" hits="477"/><line number="119" hits="159"/><line number="120" hits="0"/><line number="122" hits="159"/><line number="123" hits="0"/><line number="126" hits="318"/><line number="127" hits="477"/><line number="128" hits="159"/><line number="130" hits="795"/><line number="131" hits="477"/><line number="134" hits="159"/><line number="135" hits="795"/><line number="136" hits="159"/><line number="140" hits="324"/><line number="141" hits="250"/><line number="142" hits="375"/><line number="143" hits="375"/><line number="144" hits="375"/><line number="145" hits="375"/><line number="146" hits="375"/><line number="148" hits="125"/><line number="149" hits="0"/><line number="152" hits="250"/><line number="153" hits="375"/><line number="154" hits="125"/><line number="156" hits="625"/><line number="157" hits="375"/><line number="160" hits="125"/><line number="161" hits="625"/><line number="162" hits="125"/><line number="165" hits="377"/><line number="166" hits="378"/><line number="167" hits="252"/><line number="168" hits="378"/><line number="169" hits="378"/><line number="170" hits="378"/><line number="171" hits="378"/><line number="172" hits="378"/><line number="174" hits="378"/><line number="176" hits="126"/><line number="177" hits="0"/><line number="180" hits="252"/><line number="181" hits="378"/><line number="182" hits="126"/><line number="184" hits="504"/><line number="185" hits="378"/><line number="188" hits="126"/><line number="189" hits="630"/><line number="190" hits="126"/><line number="195" hits="76"/><line number="196" hits="2"/><line number="197" hits="3"/><line number="198" hits="3"/><line number="199" hits="3"/><line number="200" hits="3"/><line number="202" hits="1"/><line number="203" hits="0"/><line number="206" hits="2"/><line number="207" hits="3"/><line number="208" hits="1"/><line number="210" hits="5"/><line number="211" hits="3"/><line number="214" hits="1"/><line number="215" hits="5"/><line number="216" hits="1"/><line number="220" hits="120"/><line number="221" hits="46"/><line number="224" hits="70"/><line number="225" hits="1"/><line number="227" hits="44"/><line number="228" hits="66"/><line number="231" hits="44"/><line number="232" hits="66"/><line number="233" hits="22"/><line number="234" hits="110"/><line number="235" hits="22"/><line number="238" hits="69"/><line number="241" hits="46"/><line number="242" hits="27"/><line number="243" hits="8"/><line number="245" hits="23"/><line number="246" hits="0"/><line number="248" hits="37"/><line number="249" hits="70"/><line number="251" hits="23"/><line number="252" hits="115"/><line number="253" hits="23"/><line number="257" hits="106"/><line number="258" hits="6"/><line number="259" hits="96"/><line number="261" hits="6"/><line number="262" hits="9"/><line number="263" hits="9"/><line number="265" hits="3"/><line number="266" hits="15"/><line number="267" hits="3"/><line number="272" hits="84"/><line number="273" hits="6"/><line number="274" hits="15"/><line number="275" hits="15"/><line number="277" hits="15"/><line number="279" hits="3"/><line number="280" hits="15"/><line number="281" hits="3"/><line number="286" hits="76"/><line number="287" hits="2"/><line number="288" hits="3"/><line number="289" hits="3"/><line number="291" hits="1"/><line number="293" hits="1"/><line number="294" hits="1"/><line number="295" hits="1"/><line number="296" hits="1"/><line number="298" hits="1"/><line number="303" hits="222"/><line number="304" hits="74"/><line number="306" hits="0"/><line number="309" hits="74"/><line number="310" hits="222"/><line number="311" hits="148"/><line number="312" hits="148"/><line number="313" hits="148"/><line number="314" hits="148"/><line number="315" hits="74"/><line number="316"
[...]
ine number="92" hits="30327"/><line number="95" hits="20218"/><line number="96" hits="10109"/><line number="97" hits="20218"/><line number="98" hits="30327"/><line number="101" hits="30327"/><line number="102" hits="10109"/><line number="107" hits="6"/><line number="110" hits="10111"/><line number="111" hits="30324"/><line number="112" hits="30324"/><line number="114" hits="20216"/><line number="115" hits="10108"/><line number="116" hits="20216"/><line number="117" hits="10109"/><line number="120" hits="30324"/><line number="121" hits="10108"/><line number="122" hits="10108"/><line number="127" hits="9"/><line number="129" hits="3"/><line number="133" hits="10112"/><line number="134" hits="40448"/><line number="140" hits="2"/><line number="141" hits="2"/><line number="142" hits="6"/><line number="143" hits="0"/><line number="144" hits="0"/><line number="145" hits="0"/><line number="146" hits="0"/><line number="147" hits="0"/><line number="149" hits="0"/><line number="152" hits="0"/></lines></class><class name="json" filename="crates/codegraph/src/export/json.rs" line-rate="0.9491525423728814" branch-rate="0" complexity="0"><methods/><lines><line number="10" hits="2"/><line number="11" hits="4"/><line number="12" hits="4"/><line number="15" hits="10107"/><line number="16" hits="40420"/><line number="17" hits="40420"/><line number="22" hits="10106"/><line number="23" hits="40416"/><line number="24" hits="40416"/><line number="25" hits="20208"/><line number="26" hits="20208"/><line number="27" hits="20208"/><line number="28" hits="40416"/><line number="29" hits="20208"/><line number="34" hits="4"/><line number="35" hits="2"/><line number="36" hits="2"/><line number="40" hits="6"/><line number="44" hits="1"/><line number="49" hits="2"/><line number="50" hits="2"/><line number="53" hits="5"/><line number="54" hits="12"/><line number="55" hits="6"/><line number="56" hits="12"/><line number="57" hits="4"/><line number="63" hits="2"/><line number="64" hits="1"/><line number="65" hits="5"/><line number="66" hits="12"/><line number="68" hits="15"/><line number="70" hits="4"/><line number="71" hits="2"/><line number="72" hits="2"/><line number="73" hits="2"/><line number="74" hits="4"/><line number="75" hits="2"/><line number="82" hits="2"/><line number="83" hits="1"/><line number="84" hits="1"/><line number="88" hits="3"/><line number="92" hits="10107"/><line number="93" hits="10107"/><line number="94" hits="10107"/><line number="95" hits="30321"/><line number="96" hits="30321"/><line number="101" hits="20213"/><line number="102" hits="40426"/><line number="104" hits="181904"/><line number="105" hits="141478"/><line number="106" hits="60638"/><line number="107" hits="40422"/><line number="108" hits="0"/><line number="109" hits="40416"/><line number="110" hits="2"/><line number="111" hits="0"/><line number="112" hits="0"/><line number="114" hits="353695"/><line number="117" hits="20213"/></lines></class><class name="triples" filename="crates/codegraph/src/export/triples.rs" line-rate="0.8157894736842105" branch-rate="0" complexity="0"><methods/><lines><line number="8" hits="1"/><line number="9" hits="2"/><line number="12" hits="5"/><line number="13" hits="12"/><line number="15" hits="12"/><line number="16" hits="4"/><line number="17" hits="4"/><line number="21" hits="62"/><line number="22" hits="72"/><line number="23" hits="54"/><line number="29" hits="5"/><line number="30" hits="12"/><line number="31" hits="12"/><line number="32" hits="4"/><line number="33" hits="4"/><line number="37" hits="14"/><line number="38" hits="8"/><line number="39" hits="6"/><line number="44" hits="1"/><line number="48" hits="24"/><line number="49" hits="24"/><line number="50" hits="12"/><line number="52" hits="48"/><line number="53" hits="24"/><line number="55" hits="6"/><line number="56" hits="12"/><line number="58" hits="0"/><line number="59" hits="0"/><line number="61" hits="5"/><line number="62" hits="10"/><line number="64" hits="1"/><line number="66" hits="5"/><line number="67" hits="2"/><line number="69" hits="0"/><line number="70" hits="0"/><line number="72" hits="0"/><line number="75" hits="0"/><line number="77" hits="0"/></lines></class></classes></package><package name="crates/codegraph-c/tests" line-rate="0" branch-rate="0" complexity="0"><classes></classes></package><package name="crates/codegraph/src/graph" line-rate="0.8913934426229508" branch-rate="0" complexity="0"><classes><class name="algorithms" filename="crates/codegraph/src/graph/algorithms.rs" line-rate="0.9911504424778761" branch-rate="0" complexity="0"><methods/><lines><line number="22" hits="6"/><line number="28" hits="12"/><line number="29" hits="12"/><line number="30" hits="12"/><line number="32" hits="18"/><line number="33" hits="18"/><line number="35" hits="63"/><line number="37" hits="28"/><line number="38" hits="9"/><line number="39" hits="3"/><line number="44" hits="80"/><line number="46" hits="44"/><line number="47" hits="41"/><line number="48" hits="52"/><line number="49" hits="52"/><line number="50" hits="39"/><line number="55" hits="6"/><line number="70" hits="3"/><line number="76" hits="6"/><line number="77" hits="6"/><line number="78" hits="6"/><line number="80" hits="9"/><line number="81" hits="9"/><line number="83" hits="30"/><line number="85" hits="15"/><line number="86" hits="6"/><line number="87" hits="1"/><line number="92" hits="40"/><line number="94" hits="20"/><line number="95" hits="18"/><line number="96" hits="24"/><line number="97" hits="24"/><line number="98" hits="18"/><line number="103" hits="3"/><line number="117" hits="3"/><line number="118" hits="6"/><line number="119" hits="6"/><line number="120" hits="9"/><line number="121" hits="9"/><line number="122" hits="9"/><line number="123" hits="6"/><line number="126" hits="12"/><line number="127" hits="45"/><line number="129" hits="3"/><line number="130" hits="3"/><line number="131" hits="3"/><line number="132" hits="3"/><line number="133" hits="3"/><line number="134" hits="3"/><line number="135" hits="3"/><line number="136" hits="3"/><line number="142" hits="18"/><line number="147" hits="9"/><line number="157" hits="36"/><line number="158" hits="36"/><line number="159" hits="9"/><line number="160" hits="27"/><line number="161" hits="27"/><line number="164" hits="45"/><line number="165" hits="27"/><line number="166" hits="18"/><line number="168" hits="54"/><line number="169" hits="24"/><line number="170" hits="24"/><line number="171" hits="36"/><line number="172" hits="12"/><line number="174" hits="15"/><line number="175" hits="15"/><line number="176" hits="15"/><line number="181" hits="36"/><line number="182" hits="6"/><line number="184" hits="36"/><line number="185" hits="27"/><line number="186" hits="27"/><line number="187" hits="9"/><line number="188" hits="3"/><line number="191" hits="9"/><line number="194" hits="9"/><line number="210" hits="2"/><line number="216" hits="6"/><line number="217" hits="4"/><line number="218" hits="6"/><line number="219" hits="4"/><line number="220" hits="6"/><line number="223" hits="2"/><line number="224" hits="2"/><line number="225" hits="2"/><line number="226" hits="2"/><line number="227" hits="2"/><line number="228" hits="2"/><line number="229" hits="2"/><line number="232" hits="2"/><line number="236" hits="7"/><line number="246" hits="14"/><line number="247" hits="0"/><line number="251" hits="7"/><line number="252" hits="8"/><line number="253" hits="2"/><line number="257" hits="25"/><line number="258" hits="15"/><line number="259" hits="10"/><line number="260" hits="15"/><line number="261" hits="15"/><line number="264" hits="5"/><line number="265" hits="5"/><line number="266" hits="5"/><line number="267" hits="5"/><line number="268" hits="5"/><line number="269" hits="5"/><line number="270" hits="5"/><line number="273" hits="10"/><line number="274" hits="15"/><line number="278" hits="5"/></lines></class><class name="codegraph" filename="crates/codegraph/src/graph/codegraph.rs" line-rate="0.9252669039145908" branch-rate="0" complexity="0"><methods/><lines><line number="36" hits="273"/><line number="41" hits="546"/><line number="42" hits="546"/><line number="43" hits="273"/><line number="44" hits="273"/><line number="48" hits="546"/><line number="50" hits="273"/><line number="69" hits="22"/><line number="71" hits="22"/><line number="72" hits="66"/><line number="73" hits="44"/><line number="80" hits="251"/><line number="82" hits="502"/><line number="83" hits="502"/><line number="100" hits="21369"/><line number="101" hits="64107"/><line number="102" hits="21369"/><line number="103" hits="106845"/><line number="106" hits="64107"/><line number="107" hits="64107"/><line number="108" hits="21369"/><line number="110" hits="85476"/><line number="113" hits="85476"/><line number="114" hits="21369"/><line number="116" hits="21369"/><line number="124" hits="83187"/><line number="125" hits="332748"/><line number="126" hits="8"/><line number="135" hits="1"/><line number="136" hits="1"/><line number="137" hits="2"/><line number="138" hits="1"/><line number="139" hits="0"/><line number="150" hits="0"/><line number="151" hits="0"/><line number="154" hits="0"/><line number="155" hits="0"/><line number="159" hits="0"/><line number="160" hits="0"/><line number="161" hits="0"/><line number="163" hits="0"/><line number="165" hits="0"/><line number="173" hits="4"/><line number="174" hits="4"/><line number="176" hits="8"/><line number="177" hits="0"/><line number="178" hits="0"/><line number="183" hits="8"/><line number="185" hits="14"/><line number="186" hits="12"/><line number="189" hits="14"/><line number="190" hits="12"/><line number="193" hits="4"/><line number="194" hits="0"/><line number="195" hits="0"/><line number="198" hits="14"/><line number="199" hits="15"/><line number="203" hits="12"/><line number="204" hits="12"/><line number="207" hits="12"/><line number="209" hits="4"/><line number="228" hits="21122"/><line number="235" hits="21122"/><line number="237" hits="63367"/><line number="238" hits="63363"/><line number="240" hits="63363"/><line number="241" hits="147847"/><line number="244" hits="63363"/><line number="245" hits="63363"/><line number="246" hits="21121"/><line number="248" hits="84484"/><line number="251" hits="42242"/><line number="252" hits="42242"/><line number="254" hits="42242"/><line number="256" hits="42242"/><line number="257" hits="42242"/><line number="259" hits="42242"/><line number="262" hits="84484"/><line number="264" hits="21121"/><line number="272" hits="20631"/><line number="273" hits="82524"/><line number="274" hits="4"/><line number="283" hits="5"/><line number="284" hits="5"/><line number="285" hits="10"/><line number="286" hits="5"/><line number="287" hits="10"/><line number="288" hits="5"/><line number="289" hits="0"/><line number="292" hits="10"/><line number="293" hits="10"/><line number="296" hits="15"/><line number="297" hits="15"/><line number="300" hits="20"/><line number="301" hits="10"/><line number="304" hits="20"/><line number="305" hits="10"/><line number="309" hits="15"/><line number="311" hits="5"/><line number="328" hits="66"/><line number="330" hits="198"/><line number="332" hits="132"/><line number="334" hits="66"/><line number="336" hits="162"/><line number="337" hits="166"/><line number="338" hits="232"/><line number="339" hits="116"/><line number="345" hits="25"/><line number="346" hits="29"/><line number="347" hits="44"/><line number="348" hits="22"/><line number="354" hits="3"/><line number="355" hits="3"/><line number="356" hits="4"/><line number="357" hits="2"/><line number="361" hits="3"/><line number="362" hits="3"/><line number="363" hits="4"/><line number="364" hits="2"/><line number="371" hits="132"/><line number="377" hits="130"/><line number="378" hits="390"/><line number="379" hits="390"/><line number="381" hits="260"/><line number="383" hits="390"/><line number="384" hits="406"/><line number="385" hits="414"/><line number="386" hits="268"/><line number="387" hits="260"/><line number="393" hits="130"/><line number="403" hits="3"/><line number="404" hits="3"/><line number="405" hits="12"/><line number="406" hits="12"/><line number="408" hits="30162"/><line number="409" hits="30159"/><line number="410" hits="50265"/><line number="412" hits="30159"/><line number="413" hits="30159"/><line number="414" hits="10053"/><line number="416" hits="30159"/><line number="417" hits="20106"/><line number="418" hits="10053"/><line number="421" hits="40212"/><line number="422" hits="30159"/><line number="425" hits="9"/><line number="426" hits="3"/><line number="428" hits="3"/><line number="438" hits="2"/><line number="442" hits="2"/><line number="444" hits="155"/><line number="445" hits="153"/><line number="446" hits="153"/><line number="449" hits="8"/><line number="450" hits="8"/><line number="452" hits="257"/><line number="453" hits="153"/><line number="454" hits="357"/><line number="456" hits="153"/><line number="457" hits="153"/><line number="458" hits="51"/><line number="460" hits="153"/><line number="461" hits="102"/><line number="462" hits="51"/><line number="466" hits="102"/><line number="467" hits="102"/><line number="469" hits="102"/><line number="471" hits="102"/><line number="472" hits="102"/><line number="474" hits="102"/><line number="476" hits="204"/><line number="477" hits="153"/><line number="480" hits="6"/><line number="482" hits="2"/><line number="486" hits="54"/><line number="487" hits="108"/><line number="491" hits="20"/><line number="492" hits="40"/><line number="498" hits="1"/><line number="500" hits="6"/><line number="501" hits="5"/><line number="502" hits="6"/><line number="506" hits="1"/><line number="507" hits="1"/><line number="510" hits="2"/><line number="512" hits="1"/><line number="537" hits="20"/><line number="538" hits="40"/><line number="544" hits="5"/><line number="545" hits="5"/><line number="546" hits="10"/><line number="547" hits="10"/><line number="548" hits="5"/><line number="549" hits="5"/><line number="553" hits="0"/><line number="554" hits="0"/><line number="559" hits="31422"/><line number="560" hits="62844"/><line number="561" hits="31422"/><line number="562" hits="31422"/><line number="565" hits="21172"/><line number="566" hits="42344"/><line number="567" hits="21172"/><line number="568" hits="21172"/><line number="571" hits="6"/><line number="572" hits="12"/><line number="573" hits="6"/><line number="574" hits="6"/><line number="577" hits="18"/><line number="578" hits="6"/><line number="580" hits="24"/><line number="582" hits="6"/><line number="585" hits="273"/><line number="586" hits="824"/><line number="587" hits="25"/><line number="588" hits="0"/><line number="591" hits="35"/><line number="592" hits="5"/><line number="595" hits="35"/><line number="596" hits="5"/><line number="600" hits="273"/><line number="603" hits="273"/><line number="605" hits="546"/><line number="608" hits="1092"/><line number="609" hits="593"/><line number="610" hits="640"/><line number="611" hits="160"/><line number="612" hits="640"/><line number="616" hits="1092"/><line number="617" hits="573"/><line number="618" hits="600"/><line number="619" hits="150"/><line number="621" hits="300"/><line number="622" hits="300"/><line number="624" hits="300"/><line number="626" hits="300"/><line number="627" hits="300"/><line number="629" hits="300"/><line number="631" hits="600"/><line number="634" hits="273"/><line number="650" hits="5"/><line number="656" hits="25"/><line number="670" hits="2"/><line number="676" hits="10"/><line number="685" hits="3"/><line number="686" hits="6"/><line number="698" hits="2"/><line number="704" hits="10"/><line number="713" hits="2"/><line number="714" hits="4"/><line number="715" hits="4"/><line number="719" hits="1"/><line number="720" hits="2"/><line number="721" hits="3"/><line number="728" hits="2"/><line number="729" hits="4"/><line number="730" hits="4"/><line number="734" hits="1"/><line number="739" hits="4"/><line number="746" hits="1"/><line number="747" hits="2"/><line number="748" hits="3"/><line number="755" hits="1"/><line number="756" hits="2"/><line number="757" hits="3"/><line number="761" hits="1"/><line number="766" hits="2"/><line number="767" hits="4"/><line number="774" hits="1"/><line number="775" hits="2"/><line number="776" hits="2"/><line number="780" hits="9"/><line number="781" hits="27"/><line number="783" hits="9"/><line number="784" hits="0"/><line number="785" hits="0"/><line number="786" hits="0"/><line number="791" hits="11"/><line number="792" hits="2"/><line number="793" hits="2"/><line number="797" hits="9"/></lines></class><class name="property" filename="crates/codegraph/src/graph/property.rs" line-rate="0.8688524590163934" branch-rate="0" complexity="0"><methods/><lines><line number="28" hits="4478"/><line number="29" hits="4478"/><line number="34" hits="61014"/><line number="35" hits="61014"/><line number="40" hits="51251"/><line number="41" hits="51251"/><line number="46" hits="2"/><line number="47" hits="2"/><line number="52" hits="2"/><line number="53" hits="2"/><line number="58" hits="40408"/><line number="59" hits="40408"/><line number="64" hits="46"/><line number="65" hits="46"/><line number="70" hits="2"/><line number="71" hits="2"/><line number="85" hits="52610"/><line number="87" hits="52610"/><line number="92" hits="157182"/><line number="93" hits="943092"/><line number="94" hits="157182"/><line number="98" hits="10"/><line number="99" hits="60"/><line number="103" hits="20117"/><line number="104" hits="60351"/><line number="108" hits="2"/><line number="109" hits="6"/><line number="113" hits="4"/><line number="114" hits="12"/><line number="118" hits="2"/><line number="119" hits="4"/><line number="123" hits="0"/><line number="124" hits="0"/><line number="128" hits="20237"/><line number="129" hits="40474"/><line number="133" hits="13595"/><line number="134" hits="40785"/><line number="135" hits="27176"/><line number="136" hits="7"/><line number="141" hits="172"/><line number="142" hits="516"/><line number="143" hits="340"/><line number="144" hits="2"/><line number="149" hits="1"/><line number="150" hits="3"/><line number="151" hits="2"/><line number="152" hits="0"/><line number="157" hits="2"/><line number="158" hits="6"/><line number="159" hits="4"/><line number="160" hits="0"/><line number="165" hits="3"/><line number="166" hits="9"/><line number="167" hits="6"/><line number="168" hits="0"/><line number="173" hits="2"/><line number="174" hits="6"/><line number="175" hits="4"/><line number="176" hits="0"/><line number="182" hits="0"/><line number="184" hits="0"/></lines></class><class name="types" filename="crates/codegraph/src/graph/types.rs" line-rate="0.30303030303030304" branch-rate="0" complexity="0"><methods/><lines><line number="34" hits="0"/><line number="35" hits="0"/><line number="36" hits="0"/><line number="37" hits="0"/><line number="38" hits="0"/><line number="39" hits="0"/><line number="40" hits="0"/><line number="41" hits="0"/><line number="42" hits="0"/><line number="43" hits="0"/><line number="76" hits="0"/><line number="77" hits="0"/><line number="78" hits="0"/><line number="79" hits="0"/><line number="80" hits="0"/><line number="81" hits="0"/><line number="82" hits="0"/><line number="83" hits="0"/><line number="84" hits="0"/><line number="85" hits="0"/><line number="86" hits="0"/><line number="87" hits="0"/><line number="88" hits="0"/><line number="119" hits="31425"/><line number="128" hits="3"/><line number="129" hits="12"/><line number="133" hits="3"/><line number="134" hits="9"/><line number="157" hits="21174"/><line number="174" hits="2"/><line number="175" hits="8"/><line number="179" hits="2"/><line number="180" hits="6"/></lines></class></classes></package><package name="crates/codegraph-c/examples" line-rate="0" branch-rate="0" complexity="0"><classes></classes></package><package name="crates/codegraph/examples" line-rate="0" branch-rate="0" complexity="0"><classes></classes></package></packages></coverage>